2022/01/11 19:35:03 [notice] 1#1: using the "epoll" event method
2022/01/11 19:35:03 [notice] 1#1: nginx/1.21.5
2022/01/11 19:35:03 [notice] 1#1: built by gcc 10.2.1 20210110 (Debian 10.2.1-6) 
2022/01/11 19:35:03 [notice] 1#1: OS: Linux 5.10.16.3-microsoft-standard-WSL2
2022/01/11 19:35:03 [notice] 1#1: getrlimit(RLIMIT_NOFILE): 1048576:1048576
2022/01/11 19:35:03 [notice] 1#1: start worker processes
2022/01/11 19:35:03 [notice] 1#1: start worker process 22
2022/01/11 19:35:03 [notice] 1#1: start worker process 23
2022/01/11 19:35:03 [notice] 1#1: start worker process 24
2022/01/11 19:35:03 [notice] 1#1: start worker process 25
2022/01/11 19:35:03 [notice] 1#1: start worker process 26
2022/01/11 19:35:03 [notice] 1#1: start worker process 27
2022/01/11 19:35:03 [notice] 1#1: start worker process 28
2022/01/11 19:35:03 [notice] 1#1: start worker process 29
2022/01/11 19:44:08 [notice] 1#1: signal 3 (SIGQUIT) received, shutting down
2022/01/11 19:44:08 [notice] 22#22: gracefully shutting down
2022/01/11 19:44:08 [notice] 29#29: gracefully shutting down
2022/01/11 19:44:08 [notice] 23#23: gracefully shutting down
2022/01/11 19:44:08 [notice] 24#24: gracefully shutting down
2022/01/11 19:44:08 [notice] 25#25: gracefully shutting down
2022/01/11 19:44:08 [notice] 26#26: gracefully shutting down
2022/01/11 19:44:08 [notice] 27#27: gracefully shutting down
2022/01/11 19:44:08 [notice] 28#28: gracefully shutting down
2022/01/11 19:44:08 [notice] 22#22: exiting
2022/01/11 19:44:08 [notice] 29#29: exiting
2022/01/11 19:44:08 [notice] 23#23: exiting
2022/01/11 19:44:08 [notice] 24#24: exiting
2022/01/11 19:44:08 [notice] 25#25: exiting
2022/01/11 19:44:08 [notice] 26#26: exiting
2022/01/11 19:44:08 [notice] 27#27: exiting
2022/01/11 19:44:08 [notice] 28#28: exiting
2022/01/11 19:44:08 [notice] 22#22: exit
2022/01/11 19:44:08 [notice] 29#29: exit
2022/01/11 19:44:08 [notice] 23#23: exit
2022/01/11 19:44:08 [notice] 24#24: exit
2022/01/11 19:44:08 [notice] 25#25: exit
2022/01/11 19:44:08 [notice] 26#26: exit
2022/01/11 19:44:08 [notice] 27#27: exit
2022/01/11 19:44:08 [notice] 28#28: exit
2022/01/11 19:44:08 [notice] 1#1: signal 17 (SIGCHLD) received from 23
2022/01/11 19:44:08 [notice] 1#1: worker process 23 exited with code 0
2022/01/11 19:44:08 [notice] 1#1: worker process 24 exited with code 0
2022/01/11 19:44:08 [notice] 1#1: worker process 27 exited with code 0
2022/01/11 19:44:08 [notice] 1#1: signal 29 (SIGIO) received
2022/01/11 19:44:08 [notice] 1#1: signal 17 (SIGCHLD) received from 27
2022/01/11 19:44:08 [notice] 1#1: signal 17 (SIGCHLD) received from 25
2022/01/11 19:44:08 [notice] 1#1: worker process 22 exited with code 0
2022/01/11 19:44:08 [notice] 1#1: worker process 25 exited with code 0
2022/01/11 19:44:08 [notice] 1#1: signal 29 (SIGIO) received
2022/01/11 19:44:08 [notice] 1#1: signal 17 (SIGCHLD) received from 29
2022/01/11 19:44:08 [notice] 1#1: worker process 26 exited with code 0
2022/01/11 19:44:08 [notice] 1#1: worker process 28 exited with code 0
2022/01/11 19:44:08 [notice] 1#1: worker process 29 exited with code 0
2022/01/11 19:44:08 [notice] 1#1: exit
2022/01/11 20:05:55 [notice] 1#1: using the "epoll" event method
2022/01/11 20:05:55 [notice] 1#1: nginx/1.21.5
2022/01/11 20:05:55 [notice] 1#1: built by gcc 10.2.1 20210110 (Debian 10.2.1-6) 
2022/01/11 20:05:55 [notice] 1#1: OS: Linux 5.10.16.3-microsoft-standard-WSL2
2022/01/11 20:05:55 [notice] 1#1: getrlimit(RLIMIT_NOFILE): 1048576:1048576
2022/01/11 20:05:55 [notice] 1#1: start worker processes
2022/01/11 20:05:55 [notice] 1#1: start worker process 22
2022/01/11 20:05:55 [notice] 1#1: start worker process 23
2022/01/11 20:05:55 [notice] 1#1: start worker process 24
2022/01/11 20:05:55 [notice] 1#1: start worker process 25
2022/01/11 20:05:55 [notice] 1#1: start worker process 26
2022/01/11 20:05:55 [notice] 1#1: start worker process 27
2022/01/11 20:05:55 [notice] 1#1: start worker process 28
2022/01/11 20:05:55 [notice] 1#1: start worker process 29
2022/01/11 20:09:09 [notice] 1#1: signal 3 (SIGQUIT) received, shutting down
2022/01/11 20:09:09 [notice] 22#22: gracefully shutting down
2022/01/11 20:09:09 [notice] 23#23: gracefully shutting down
2022/01/11 20:09:09 [notice] 24#24: gracefully shutting down
2022/01/11 20:09:09 [notice] 25#25: gracefully shutting down
2022/01/11 20:09:09 [notice] 25#25: exiting
2022/01/11 20:09:09 [notice] 26#26: gracefully shutting down
2022/01/11 20:09:09 [notice] 27#27: gracefully shutting down
2022/01/11 20:09:09 [notice] 28#28: gracefully shutting down
2022/01/11 20:09:09 [notice] 29#29: gracefully shutting down
2022/01/11 20:09:09 [notice] 29#29: exiting
2022/01/11 20:09:09 [notice] 22#22: exiting
2022/01/11 20:09:09 [notice] 23#23: exiting
2022/01/11 20:09:09 [notice] 24#24: exiting
2022/01/11 20:09:09 [notice] 25#25: exit
2022/01/11 20:09:09 [notice] 26#26: exiting
2022/01/11 20:09:09 [notice] 27#27: exiting
2022/01/11 20:09:09 [notice] 28#28: exiting
2022/01/11 20:09:09 [notice] 29#29: exit
2022/01/11 20:09:09 [notice] 22#22: exit
2022/01/11 20:09:09 [notice] 23#23: exit
2022/01/11 20:09:09 [notice] 24#24: exit
2022/01/11 20:09:09 [notice] 26#26: exit
2022/01/11 20:09:09 [notice] 27#27: exit
2022/01/11 20:09:09 [notice] 28#28: exit
2022/01/11 20:09:09 [notice] 1#1: signal 17 (SIGCHLD) received from 23
2022/01/11 20:09:09 [notice] 1#1: worker process 23 exited with code 0
2022/01/11 20:09:09 [notice] 1#1: worker process 25 exited with code 0
2022/01/11 20:09:09 [notice] 1#1: worker process 28 exited with code 0
2022/01/11 20:09:09 [notice] 1#1: worker process 29 exited with code 0
2022/01/11 20:09:09 [notice] 1#1: signal 29 (SIGIO) received
2022/01/11 20:09:09 [notice] 1#1: signal 17 (SIGCHLD) received from 29
2022/01/11 20:09:09 [notice] 1#1: signal 17 (SIGCHLD) received from 26
2022/01/11 20:09:09 [notice] 1#1: worker process 26 exited with code 0
2022/01/11 20:09:09 [notice] 1#1: signal 29 (SIGIO) received
2022/01/11 20:09:09 [notice] 1#1: signal 17 (SIGCHLD) received from 22
2022/01/11 20:09:09 [notice] 1#1: worker process 22 exited with code 0
2022/01/11 20:09:09 [notice] 1#1: worker process 27 exited with code 0
2022/01/11 20:09:09 [notice] 1#1: signal 29 (SIGIO) received
2022/01/11 20:09:09 [notice] 1#1: signal 17 (SIGCHLD) received from 27
2022/01/11 20:09:09 [notice] 1#1: signal 17 (SIGCHLD) received from 24
2022/01/11 20:09:09 [notice] 1#1: worker process 24 exited with code 0
2022/01/11 20:09:09 [notice] 1#1: exit
2022/01/11 20:21:37 [notice] 1#1: using the "epoll" event method
2022/01/11 20:21:37 [notice] 1#1: nginx/1.21.5
2022/01/11 20:21:37 [notice] 1#1: built by gcc 10.2.1 20210110 (Debian 10.2.1-6) 
2022/01/11 20:21:37 [notice] 1#1: OS: Linux 5.10.16.3-microsoft-standard-WSL2
2022/01/11 20:21:37 [notice] 1#1: getrlimit(RLIMIT_NOFILE): 1048576:1048576
2022/01/11 20:21:37 [notice] 1#1: start worker processes
2022/01/11 20:21:37 [notice] 1#1: start worker process 23
2022/01/11 20:21:37 [notice] 1#1: start worker process 24
2022/01/11 20:21:37 [notice] 1#1: start worker process 25
2022/01/11 20:21:37 [notice] 1#1: start worker process 26
2022/01/11 20:21:37 [notice] 1#1: start worker process 27
2022/01/11 20:21:37 [notice] 1#1: start worker process 28
2022/01/11 20:21:37 [notice] 1#1: start worker process 29
2022/01/11 20:21:37 [notice] 1#1: start worker process 30
2022/01/11 21:15:59 [notice] 1#1: signal 3 (SIGQUIT) received, shutting down
2022/01/11 21:15:59 [notice] 24#24: gracefully shutting down
2022/01/11 21:15:59 [notice] 23#23: gracefully shutting down
2022/01/11 21:15:59 [notice] 25#25: gracefully shutting down
2022/01/11 21:15:59 [notice] 25#25: exiting
2022/01/11 21:15:59 [notice] 26#26: gracefully shutting down
2022/01/11 21:15:59 [notice] 28#28: gracefully shutting down
2022/01/11 21:15:59 [notice] 27#27: gracefully shutting down
2022/01/11 21:15:59 [notice] 29#29: gracefully shutting down
2022/01/11 21:15:59 [notice] 30#30: gracefully shutting down
2022/01/11 21:15:59 [notice] 24#24: exiting
2022/01/11 21:15:59 [notice] 23#23: exiting
2022/01/11 21:15:59 [notice] 25#25: exit
2022/01/11 21:15:59 [notice] 26#26: exiting
2022/01/11 21:15:59 [notice] 28#28: exiting
2022/01/11 21:15:59 [notice] 27#27: exiting
2022/01/11 21:15:59 [notice] 29#29: exiting
2022/01/11 21:15:59 [notice] 30#30: exiting
2022/01/11 21:15:59 [notice] 24#24: exit
2022/01/11 21:15:59 [notice] 23#23: exit
2022/01/11 21:15:59 [notice] 26#26: exit
2022/01/11 21:15:59 [notice] 28#28: exit
2022/01/11 21:15:59 [notice] 27#27: exit
2022/01/11 21:15:59 [notice] 29#29: exit
2022/01/11 21:15:59 [notice] 30#30: exit
2022/01/11 21:16:00 [notice] 1#1: signal 17 (SIGCHLD) received from 25
2022/01/11 21:16:00 [notice] 1#1: worker process 25 exited with code 0
2022/01/11 21:16:00 [notice] 1#1: worker process 26 exited with code 0
2022/01/11 21:16:00 [notice] 1#1: signal 29 (SIGIO) received
2022/01/11 21:16:00 [notice] 1#1: signal 17 (SIGCHLD) received from 26
2022/01/11 21:16:00 [notice] 1#1: signal 17 (SIGCHLD) received from 24
2022/01/11 21:16:00 [notice] 1#1: worker process 24 exited with code 0
2022/01/11 21:16:00 [notice] 1#1: worker process 27 exited with code 0
2022/01/11 21:16:00 [notice] 1#1: worker process 28 exited with code 0
2022/01/11 21:16:00 [notice] 1#1: worker process 29 exited with code 0
2022/01/11 21:16:00 [notice] 1#1: signal 29 (SIGIO) received
2022/01/11 21:16:00 [notice] 1#1: signal 17 (SIGCHLD) received from 30
2022/01/11 21:16:00 [notice] 1#1: worker process 30 exited with code 0
2022/01/11 21:16:00 [notice] 1#1: signal 29 (SIGIO) received
2022/01/11 21:16:00 [notice] 1#1: signal 17 (SIGCHLD) received from 23
2022/01/11 21:16:00 [notice] 1#1: worker process 23 exited with code 0
2022/01/11 21:16:00 [notice] 1#1: exit
2022/01/12 20:00:17 [notice] 1#1: using the "epoll" event method
2022/01/12 20:00:17 [notice] 1#1: nginx/1.21.5
2022/01/12 20:00:17 [notice] 1#1: built by gcc 10.2.1 20210110 (Debian 10.2.1-6) 
2022/01/12 20:00:17 [notice] 1#1: OS: Linux 5.10.16.3-microsoft-standard-WSL2
2022/01/12 20:00:17 [notice] 1#1: getrlimit(RLIMIT_NOFILE): 1048576:1048576
2022/01/12 20:00:17 [notice] 1#1: start worker processes
2022/01/12 20:00:17 [notice] 1#1: start worker process 22
2022/01/12 20:00:17 [notice] 1#1: start worker process 23
2022/01/12 20:00:17 [notice] 1#1: start worker process 24
2022/01/12 20:00:17 [notice] 1#1: start worker process 25
2022/01/12 20:00:17 [notice] 1#1: start worker process 26
2022/01/12 20:00:17 [notice] 1#1: start worker process 27
2022/01/12 20:00:17 [notice] 1#1: start worker process 28
2022/01/12 20:00:17 [notice] 1#1: start worker process 29
2022/01/12 21:24:02 [notice] 1#1: signal 3 (SIGQUIT) received, shutting down
2022/01/12 21:24:02 [notice] 22#22: gracefully shutting down
2022/01/12 21:24:02 [notice] 28#28: gracefully shutting down
2022/01/12 21:24:02 [notice] 23#23: gracefully shutting down
2022/01/12 21:24:02 [notice] 25#25: gracefully shutting down
2022/01/12 21:24:02 [notice] 24#24: gracefully shutting down
2022/01/12 21:24:02 [notice] 26#26: gracefully shutting down
2022/01/12 21:24:02 [notice] 27#27: gracefully shutting down
2022/01/12 21:24:02 [notice] 29#29: gracefully shutting down
2022/01/12 21:24:02 [notice] 22#22: exiting
2022/01/12 21:24:02 [notice] 28#28: exiting
2022/01/12 21:24:02 [notice] 23#23: exiting
2022/01/12 21:24:02 [notice] 25#25: exiting
2022/01/12 21:24:02 [notice] 24#24: exiting
2022/01/12 21:24:02 [notice] 26#26: exiting
2022/01/12 21:24:02 [notice] 27#27: exiting
2022/01/12 21:24:02 [notice] 29#29: exiting
2022/01/12 21:24:02 [notice] 27#27: exit
2022/01/12 21:24:02 [notice] 22#22: exit
2022/01/12 21:24:02 [notice] 28#28: exit
2022/01/12 21:24:02 [notice] 23#23: exit
2022/01/12 21:24:02 [notice] 25#25: exit
2022/01/12 21:24:02 [notice] 24#24: exit
2022/01/12 21:24:02 [notice] 26#26: exit
2022/01/12 21:24:02 [notice] 29#29: exit
2022/01/12 21:24:02 [notice] 1#1: signal 17 (SIGCHLD) received from 29
2022/01/12 21:24:02 [notice] 1#1: worker process 23 exited with code 0
2022/01/12 21:24:02 [notice] 1#1: worker process 29 exited with code 0
2022/01/12 21:24:02 [notice] 1#1: signal 29 (SIGIO) received
2022/01/12 21:24:02 [notice] 1#1: signal 17 (SIGCHLD) received from 24
2022/01/12 21:24:02 [notice] 1#1: worker process 22 exited with code 0
2022/01/12 21:24:02 [notice] 1#1: worker process 24 exited with code 0
2022/01/12 21:24:02 [notice] 1#1: worker process 25 exited with code 0
2022/01/12 21:24:02 [notice] 1#1: worker process 26 exited with code 0
2022/01/12 21:24:02 [notice] 1#1: worker process 27 exited with code 0
2022/01/12 21:24:02 [notice] 1#1: worker process 28 exited with code 0
2022/01/12 21:24:02 [notice] 1#1: exit
2022/01/12 21:24:56 [notice] 1#1: using the "epoll" event method
2022/01/12 21:24:56 [notice] 1#1: nginx/1.21.5
2022/01/12 21:24:56 [notice] 1#1: built by gcc 10.2.1 20210110 (Debian 10.2.1-6) 
2022/01/12 21:24:56 [notice] 1#1: OS: Linux 5.10.16.3-microsoft-standard-WSL2
2022/01/12 21:24:56 [notice] 1#1: getrlimit(RLIMIT_NOFILE): 1048576:1048576
2022/01/12 21:24:56 [notice] 1#1: start worker processes
2022/01/12 21:24:56 [notice] 1#1: start worker process 22
2022/01/12 21:24:56 [notice] 1#1: start worker process 23
2022/01/12 21:24:56 [notice] 1#1: start worker process 24
2022/01/12 21:24:56 [notice] 1#1: start worker process 25
2022/01/12 21:24:56 [notice] 1#1: start worker process 26
2022/01/12 21:24:56 [notice] 1#1: start worker process 27
2022/01/12 21:24:56 [notice] 1#1: start worker process 28
2022/01/12 21:24:56 [notice] 1#1: start worker process 29
2022/01/12 22:05:43 [notice] 1#1: signal 3 (SIGQUIT) received, shutting down
2022/01/12 22:05:43 [notice] 22#22: gracefully shutting down
2022/01/12 22:05:43 [notice] 24#24: gracefully shutting down
2022/01/12 22:05:43 [notice] 25#25: gracefully shutting down
2022/01/12 22:05:43 [notice] 28#28: gracefully shutting down
2022/01/12 22:05:43 [notice] 23#23: gracefully shutting down
2022/01/12 22:05:43 [notice] 29#29: gracefully shutting down
2022/01/12 22:05:43 [notice] 26#26: gracefully shutting down
2022/01/12 22:05:43 [notice] 26#26: exiting
2022/01/12 22:05:43 [notice] 27#27: gracefully shutting down
2022/01/12 22:05:43 [notice] 22#22: exiting
2022/01/12 22:05:43 [notice] 24#24: exiting
2022/01/12 22:05:43 [notice] 25#25: exiting
2022/01/12 22:05:43 [notice] 28#28: exiting
2022/01/12 22:05:43 [notice] 23#23: exiting
2022/01/12 22:05:43 [notice] 29#29: exiting
2022/01/12 22:05:43 [notice] 26#26: exit
2022/01/12 22:05:43 [notice] 27#27: exiting
2022/01/12 22:05:43 [notice] 22#22: exit
2022/01/12 22:05:43 [notice] 24#24: exit
2022/01/12 22:05:43 [notice] 25#25: exit
2022/01/12 22:05:43 [notice] 28#28: exit
2022/01/12 22:05:43 [notice] 23#23: exit
2022/01/12 22:05:43 [notice] 29#29: exit
2022/01/12 22:05:43 [notice] 27#27: exit
2022/01/12 22:05:44 [notice] 1#1: signal 17 (SIGCHLD) received from 28
2022/01/12 22:05:44 [notice] 1#1: worker process 24 exited with code 0
2022/01/12 22:05:44 [notice] 1#1: worker process 27 exited with code 0
2022/01/12 22:05:44 [notice] 1#1: worker process 28 exited with code 0
2022/01/12 22:05:44 [notice] 1#1: signal 29 (SIGIO) received
2022/01/12 22:05:44 [notice] 1#1: signal 17 (SIGCHLD) received from 27
2022/01/12 22:05:44 [notice] 1#1: signal 17 (SIGCHLD) received from 26
2022/01/12 22:05:44 [notice] 1#1: worker process 26 exited with code 0
2022/01/12 22:05:44 [notice] 1#1: signal 29 (SIGIO) received
2022/01/12 22:05:44 [notice] 1#1: signal 17 (SIGCHLD) received from 29
2022/01/12 22:05:44 [notice] 1#1: worker process 25 exited with code 0
2022/01/12 22:05:44 [notice] 1#1: worker process 29 exited with code 0
2022/01/12 22:05:44 [notice] 1#1: signal 29 (SIGIO) received
2022/01/12 22:05:44 [notice] 1#1: signal 17 (SIGCHLD) received from 23
2022/01/12 22:05:44 [notice] 1#1: worker process 22 exited with code 0
2022/01/12 22:05:44 [notice] 1#1: worker process 23 exited with code 0
2022/01/12 22:05:44 [notice] 1#1: exit
2022/01/14 20:24:48 [notice] 1#1: using the "epoll" event method
2022/01/14 20:24:48 [notice] 1#1: nginx/1.21.5
2022/01/14 20:24:48 [notice] 1#1: built by gcc 10.2.1 20210110 (Debian 10.2.1-6) 
2022/01/14 20:24:48 [notice] 1#1: OS: Linux 5.10.16.3-microsoft-standard-WSL2
2022/01/14 20:24:48 [notice] 1#1: getrlimit(RLIMIT_NOFILE): 1048576:1048576
2022/01/14 20:24:48 [notice] 1#1: start worker processes
2022/01/14 20:24:48 [notice] 1#1: start worker process 23
2022/01/14 20:24:48 [notice] 1#1: start worker process 24
2022/01/14 20:24:48 [notice] 1#1: start worker process 25
2022/01/14 20:24:48 [notice] 1#1: start worker process 26
2022/01/14 20:24:48 [notice] 1#1: start worker process 27
2022/01/14 20:24:48 [notice] 1#1: start worker process 28
2022/01/14 20:24:48 [notice] 1#1: start worker process 29
2022/01/14 20:24:48 [notice] 1#1: start worker process 30
2022/01/14 21:55:14 [notice] 1#1: using the "epoll" event method
2022/01/14 21:55:14 [notice] 1#1: nginx/1.21.5
2022/01/14 21:55:14 [notice] 1#1: built by gcc 10.2.1 20210110 (Debian 10.2.1-6) 
2022/01/14 21:55:14 [notice] 1#1: OS: Linux 5.10.16.3-microsoft-standard-WSL2
2022/01/14 21:55:14 [notice] 1#1: getrlimit(RLIMIT_NOFILE): 1048576:1048576
2022/01/14 21:55:14 [notice] 1#1: start worker processes
2022/01/14 21:55:14 [notice] 1#1: start worker process 22
2022/01/14 21:55:14 [notice] 1#1: start worker process 23
2022/01/14 21:55:14 [notice] 1#1: start worker process 24
2022/01/14 21:55:14 [notice] 1#1: start worker process 25
2022/01/14 21:55:14 [notice] 1#1: start worker process 26
2022/01/14 21:55:14 [notice] 1#1: start worker process 27
2022/01/14 21:55:14 [notice] 1#1: start worker process 28
2022/01/14 21:55:14 [notice] 1#1: start worker process 29
2022/01/15 00:54:18 [notice] 1#1: signal 3 (SIGQUIT) received, shutting down
2022/01/15 00:54:18 [notice] 22#22: gracefully shutting down
2022/01/15 00:54:18 [notice] 23#23: gracefully shutting down
2022/01/15 00:54:18 [notice] 24#24: gracefully shutting down
2022/01/15 00:54:18 [notice] 25#25: gracefully shutting down
2022/01/15 00:54:18 [notice] 26#26: gracefully shutting down
2022/01/15 00:54:18 [notice] 27#27: gracefully shutting down
2022/01/15 00:54:18 [notice] 28#28: gracefully shutting down
2022/01/15 00:54:18 [notice] 29#29: gracefully shutting down
2022/01/15 00:54:18 [notice] 22#22: exiting
2022/01/15 00:54:18 [notice] 23#23: exiting
2022/01/15 00:54:18 [notice] 24#24: exiting
2022/01/15 00:54:18 [notice] 25#25: exiting
2022/01/15 00:54:18 [notice] 26#26: exiting
2022/01/15 00:54:18 [notice] 27#27: exiting
2022/01/15 00:54:18 [notice] 28#28: exiting
2022/01/15 00:54:18 [notice] 29#29: exiting
2022/01/15 00:54:18 [notice] 22#22: exit
2022/01/15 00:54:18 [notice] 23#23: exit
2022/01/15 00:54:18 [notice] 24#24: exit
2022/01/15 00:54:18 [notice] 25#25: exit
2022/01/15 00:54:18 [notice] 26#26: exit
2022/01/15 00:54:18 [notice] 27#27: exit
2022/01/15 00:54:18 [notice] 28#28: exit
2022/01/15 00:54:18 [notice] 29#29: exit
2022/01/15 00:54:18 [notice] 1#1: signal 17 (SIGCHLD) received from 24
2022/01/15 00:54:18 [notice] 1#1: worker process 22 exited with code 0
2022/01/15 00:54:18 [notice] 1#1: worker process 24 exited with code 0
2022/01/15 00:54:18 [notice] 1#1: worker process 26 exited with code 0
2022/01/15 00:54:18 [notice] 1#1: worker process 29 exited with code 0
2022/01/15 00:54:18 [notice] 1#1: signal 29 (SIGIO) received
2022/01/15 00:54:18 [notice] 1#1: signal 17 (SIGCHLD) received from 22
2022/01/15 00:54:18 [notice] 1#1: signal 17 (SIGCHLD) received from 28
2022/01/15 00:54:18 [notice] 1#1: worker process 23 exited with code 0
2022/01/15 00:54:18 [notice] 1#1: worker process 25 exited with code 0
2022/01/15 00:54:18 [notice] 1#1: worker process 27 exited with code 0
2022/01/15 00:54:18 [notice] 1#1: worker process 28 exited with code 0
2022/01/15 00:54:18 [notice] 1#1: exit
2022/01/16 23:24:17 [notice] 1#1: using the "epoll" event method
2022/01/16 23:24:17 [notice] 1#1: nginx/1.21.5
2022/01/16 23:24:17 [notice] 1#1: built by gcc 10.2.1 20210110 (Debian 10.2.1-6) 
2022/01/16 23:24:17 [notice] 1#1: OS: Linux 5.10.16.3-microsoft-standard-WSL2
2022/01/16 23:24:17 [notice] 1#1: getrlimit(RLIMIT_NOFILE): 1048576:1048576
2022/01/16 23:24:17 [notice] 1#1: start worker processes
2022/01/16 23:24:17 [notice] 1#1: start worker process 23
2022/01/16 23:24:17 [notice] 1#1: start worker process 24
2022/01/16 23:24:17 [notice] 1#1: start worker process 25
2022/01/16 23:24:17 [notice] 1#1: start worker process 26
2022/01/16 23:24:17 [notice] 1#1: start worker process 27
2022/01/16 23:24:17 [notice] 1#1: start worker process 28
2022/01/16 23:24:17 [notice] 1#1: start worker process 29
2022/01/16 23:24:17 [notice] 1#1: start worker process 30
2022/01/17 21:48:57 [notice] 1#1: signal 3 (SIGQUIT) received, shutting down
2022/01/17 21:48:57 [notice] 23#23: gracefully shutting down
2022/01/17 21:48:57 [notice] 24#24: gracefully shutting down
2022/01/17 21:48:57 [notice] 25#25: gracefully shutting down
2022/01/17 21:48:57 [notice] 27#27: gracefully shutting down
2022/01/17 21:48:57 [notice] 26#26: gracefully shutting down
2022/01/17 21:48:57 [notice] 29#29: gracefully shutting down
2022/01/17 21:48:57 [notice] 28#28: gracefully shutting down
2022/01/17 21:48:57 [notice] 24#24: exiting
2022/01/17 21:48:57 [notice] 23#23: exiting
2022/01/17 21:48:57 [notice] 30#30: gracefully shutting down
2022/01/17 21:48:57 [notice] 29#29: exiting
2022/01/17 21:48:57 [notice] 25#25: exiting
2022/01/17 21:48:57 [notice] 27#27: exiting
2022/01/17 21:48:57 [notice] 26#26: exiting
2022/01/17 21:48:57 [notice] 28#28: exiting
2022/01/17 21:48:57 [notice] 23#23: exit
2022/01/17 21:48:57 [notice] 24#24: exit
2022/01/17 21:48:57 [notice] 29#29: exit
2022/01/17 21:48:57 [notice] 25#25: exit
2022/01/17 21:48:57 [notice] 27#27: exit
2022/01/17 21:48:57 [notice] 26#26: exit
2022/01/17 21:48:57 [notice] 30#30: exiting
2022/01/17 21:48:57 [notice] 28#28: exit
2022/01/17 21:48:57 [notice] 30#30: exit
2022/01/17 21:48:57 [notice] 1#1: signal 17 (SIGCHLD) received from 30
2022/01/17 21:48:57 [notice] 1#1: worker process 23 exited with code 0
2022/01/17 21:48:57 [notice] 1#1: worker process 24 exited with code 0
2022/01/17 21:48:57 [notice] 1#1: worker process 25 exited with code 0
2022/01/17 21:48:57 [notice] 1#1: worker process 26 exited with code 0
2022/01/17 21:48:57 [notice] 1#1: worker process 27 exited with code 0
2022/01/17 21:48:57 [notice] 1#1: worker process 28 exited with code 0
2022/01/17 21:48:57 [notice] 1#1: worker process 30 exited with code 0
2022/01/17 21:48:57 [notice] 1#1: signal 29 (SIGIO) received
2022/01/17 21:48:57 [notice] 1#1: signal 17 (SIGCHLD) received from 26
2022/01/17 21:48:57 [notice] 1#1: signal 17 (SIGCHLD) received from 29
2022/01/17 21:48:57 [notice] 1#1: worker process 29 exited with code 0
2022/01/17 21:48:57 [notice] 1#1: exit
2022/01/19 17:09:12 [notice] 1#1: using the "epoll" event method
2022/01/19 17:09:12 [notice] 1#1: nginx/1.21.5
2022/01/19 17:09:12 [notice] 1#1: built by gcc 10.2.1 20210110 (Debian 10.2.1-6) 
2022/01/19 17:09:12 [notice] 1#1: OS: Linux 5.10.16.3-microsoft-standard-WSL2
2022/01/19 17:09:12 [notice] 1#1: getrlimit(RLIMIT_NOFILE): 1048576:1048576
2022/01/19 17:09:12 [notice] 1#1: start worker processes
2022/01/19 17:09:12 [notice] 1#1: start worker process 22
2022/01/19 17:09:12 [notice] 1#1: start worker process 23
2022/01/19 17:09:12 [notice] 1#1: start worker process 24
2022/01/19 17:09:12 [notice] 1#1: start worker process 25
2022/01/19 17:09:12 [notice] 1#1: start worker process 26
2022/01/19 17:09:12 [notice] 1#1: start worker process 27
2022/01/19 17:09:12 [notice] 1#1: start worker process 28
2022/01/19 17:09:12 [notice] 1#1: start worker process 29
2022/01/19 23:39:14 [notice] 1#1: signal 3 (SIGQUIT) received, shutting down
2022/01/19 23:39:14 [notice] 22#22: gracefully shutting down
2022/01/19 23:39:14 [notice] 24#24: gracefully shutting down
2022/01/19 23:39:14 [notice] 28#28: gracefully shutting down
2022/01/19 23:39:14 [notice] 26#26: gracefully shutting down
2022/01/19 23:39:14 [notice] 27#27: gracefully shutting down
2022/01/19 23:39:14 [notice] 23#23: gracefully shutting down
2022/01/19 23:39:14 [notice] 29#29: gracefully shutting down
2022/01/19 23:39:14 [notice] 25#25: gracefully shutting down
2022/01/19 23:39:14 [notice] 24#24: exiting
2022/01/19 23:39:14 [notice] 22#22: exiting
2022/01/19 23:39:14 [notice] 28#28: exiting
2022/01/19 23:39:14 [notice] 23#23: exiting
2022/01/19 23:39:14 [notice] 28#28: exit
2022/01/19 23:39:14 [notice] 26#26: exiting
2022/01/19 23:39:14 [notice] 27#27: exiting
2022/01/19 23:39:14 [notice] 24#24: exit
2022/01/19 23:39:14 [notice] 22#22: exit
2022/01/19 23:39:14 [notice] 25#25: exiting
2022/01/19 23:39:14 [notice] 29#29: exiting
2022/01/19 23:39:14 [notice] 23#23: exit
2022/01/19 23:39:14 [notice] 26#26: exit
2022/01/19 23:39:14 [notice] 27#27: exit
2022/01/19 23:39:14 [notice] 25#25: exit
2022/01/19 23:39:14 [notice] 29#29: exit
2022/01/19 23:39:15 [notice] 1#1: signal 17 (SIGCHLD) received from 28
2022/01/19 23:39:15 [notice] 1#1: worker process 25 exited with code 0
2022/01/19 23:39:15 [notice] 1#1: worker process 26 exited with code 0
2022/01/19 23:39:15 [notice] 1#1: worker process 28 exited with code 0
2022/01/19 23:39:15 [notice] 1#1: signal 29 (SIGIO) received
2022/01/19 23:39:15 [notice] 1#1: signal 17 (SIGCHLD) received from 25
2022/01/19 23:39:15 [notice] 1#1: signal 17 (SIGCHLD) received from 24
2022/01/19 23:39:15 [notice] 1#1: worker process 24 exited with code 0
2022/01/19 23:39:15 [notice] 1#1: signal 29 (SIGIO) received
2022/01/19 23:39:15 [notice] 1#1: signal 17 (SIGCHLD) received from 27
2022/01/19 23:39:15 [notice] 1#1: worker process 27 exited with code 0
2022/01/19 23:39:15 [notice] 1#1: signal 29 (SIGIO) received
2022/01/19 23:39:15 [notice] 1#1: signal 17 (SIGCHLD) received from 22
2022/01/19 23:39:15 [notice] 1#1: worker process 22 exited with code 0
2022/01/19 23:39:15 [notice] 1#1: worker process 23 exited with code 0
2022/01/19 23:39:15 [notice] 1#1: signal 29 (SIGIO) received
2022/01/19 23:39:15 [notice] 1#1: signal 17 (SIGCHLD) received from 23
2022/01/19 23:39:15 [notice] 1#1: signal 17 (SIGCHLD) received from 29
2022/01/19 23:39:15 [notice] 1#1: worker process 29 exited with code 0
2022/01/19 23:39:15 [notice] 1#1: exit
2022/02/02 15:11:51 [notice] 1#1: using the "epoll" event method
2022/02/02 15:11:51 [notice] 1#1: nginx/1.21.5
2022/02/02 15:11:51 [notice] 1#1: built by gcc 10.2.1 20210110 (Debian 10.2.1-6) 
2022/02/02 15:11:51 [notice] 1#1: OS: Linux 5.10.16.3-microsoft-standard-WSL2
2022/02/02 15:11:51 [notice] 1#1: getrlimit(RLIMIT_NOFILE): 1048576:1048576
2022/02/02 15:11:51 [notice] 1#1: start worker processes
2022/02/02 15:11:51 [notice] 1#1: start worker process 23
2022/02/02 15:11:51 [notice] 1#1: start worker process 24
2022/02/02 15:11:51 [notice] 1#1: start worker process 25
2022/02/02 15:11:51 [notice] 1#1: start worker process 26
2022/02/02 15:11:51 [notice] 1#1: start worker process 27
2022/02/02 15:11:51 [notice] 1#1: start worker process 28
2022/02/02 15:11:51 [notice] 1#1: start worker process 29
2022/02/02 15:11:51 [notice] 1#1: start worker process 30
2022/02/02 18:13:53 [notice] 1#1: signal 15 (SIGTERM) received, exiting
2022/02/02 18:13:53 [notice] 27#27: signal 15 (SIGTERM) received, exiting
2022/02/02 18:13:53 [notice] 24#24: signal 15 (SIGTERM) received, exiting
2022/02/02 18:13:53 [notice] 25#25: signal 15 (SIGTERM) received, exiting
2022/02/02 18:13:53 [notice] 26#26: signal 15 (SIGTERM) received, exiting
2022/02/02 18:13:53 [notice] 30#30: signal 15 (SIGTERM) received, exiting
2022/02/02 18:13:53 [notice] 26#26: exiting
2022/02/02 18:13:53 [notice] 28#28: signal 15 (SIGTERM) received, exiting
2022/02/02 18:13:53 [notice] 28#28: exiting
2022/02/02 18:13:53 [notice] 29#29: signal 15 (SIGTERM) received, exiting
2022/02/02 18:13:53 [notice] 23#23: signal 15 (SIGTERM) received, exiting
2022/02/02 18:13:53 [notice] 27#27: exiting
2022/02/02 18:13:53 [notice] 24#24: exiting
2022/02/02 18:13:53 [notice] 1#1: signal 14 (SIGALRM) received
2022/02/02 18:13:53 [notice] 25#25: exiting
2022/02/02 18:13:53 [notice] 30#30: exiting
2022/02/02 18:13:53 [notice] 30#30: exit
2022/02/02 18:13:53 [notice] 26#26: exit
2022/02/02 18:13:53 [notice] 28#28: exit
2022/02/02 18:13:53 [notice] 23#23: exiting
2022/02/02 18:13:53 [notice] 29#29: exiting
2022/02/02 18:13:53 [notice] 24#24: exit
2022/02/02 18:13:53 [notice] 27#27: exit
2022/02/02 18:13:53 [notice] 25#25: exit
2022/02/02 18:13:53 [notice] 23#23: exit
2022/02/02 18:13:53 [notice] 29#29: exit
2022/02/02 18:13:53 [notice] 1#1: signal 17 (SIGCHLD) received from 28
2022/02/02 18:13:53 [notice] 1#1: signal 14 (SIGALRM) received
2022/02/02 18:13:53 [notice] 1#1: worker process 26 exited with code 0
2022/02/02 18:13:53 [notice] 1#1: worker process 24 exited with code 0
2022/02/02 18:13:53 [notice] 1#1: worker process 23 exited with code 0
2022/02/02 18:13:53 [notice] 1#1: worker process 25 exited with code 0
2022/02/02 18:13:53 [notice] 1#1: worker process 27 exited with code 0
2022/02/02 18:13:53 [notice] 1#1: worker process 28 exited with code 0
2022/02/02 18:13:53 [notice] 1#1: worker process 29 exited with code 0
2022/02/02 18:13:53 [notice] 1#1: worker process 30 exited with code 0
2022/02/02 18:13:53 [notice] 1#1: exit
2022/02/02 18:17:12 [notice] 1#1: using the "epoll" event method
2022/02/02 18:17:12 [notice] 1#1: nginx/1.21.5
2022/02/02 18:17:12 [notice] 1#1: built by gcc 10.2.1 20210110 (Debian 10.2.1-6) 
2022/02/02 18:17:12 [notice] 1#1: OS: Linux 5.10.16.3-microsoft-standard-WSL2
2022/02/02 18:17:12 [notice] 1#1: getrlimit(RLIMIT_NOFILE): 1048576:1048576
2022/02/02 18:17:12 [notice] 1#1: start worker processes
2022/02/02 18:17:12 [notice] 1#1: start worker process 23
2022/02/02 18:17:12 [notice] 1#1: start worker process 24
2022/02/02 18:17:12 [notice] 1#1: start worker process 25
2022/02/02 18:17:12 [notice] 1#1: start worker process 26
2022/02/02 18:17:12 [notice] 1#1: start worker process 27
2022/02/02 18:17:12 [notice] 1#1: start worker process 28
2022/02/02 18:17:12 [notice] 1#1: start worker process 29
2022/02/02 18:17:12 [notice] 1#1: start worker process 30
2022/02/02 18:24:49 [notice] 26#26: signal 15 (SIGTERM) received, exiting
2022/02/02 18:24:49 [notice] 26#26: exiting
2022/02/02 18:24:49 [notice] 23#23: signal 15 (SIGTERM) received, exiting
2022/02/02 18:24:49 [notice] 24#24: signal 15 (SIGTERM) received, exiting
2022/02/02 18:24:49 [notice] 1#1: signal 15 (SIGTERM) received, exiting
2022/02/02 18:24:49 [notice] 25#25: signal 15 (SIGTERM) received, exiting
2022/02/02 18:24:49 [notice] 25#25: exiting
2022/02/02 18:24:49 [notice] 28#28: signal 15 (SIGTERM) received, exiting
2022/02/02 18:24:49 [notice] 28#28: exiting
2022/02/02 18:24:49 [notice] 29#29: signal 15 (SIGTERM) received, exiting
2022/02/02 18:24:49 [notice] 30#30: signal 15 (SIGTERM) received, exiting
2022/02/02 18:24:49 [notice] 27#27: signal 15 (SIGTERM) received, exiting
2022/02/02 18:24:49 [notice] 26#26: exit
2022/02/02 18:24:49 [notice] 23#23: exiting
2022/02/02 18:24:49 [notice] 23#23: exit
2022/02/02 18:24:49 [notice] 24#24: exiting
2022/02/02 18:24:49 [notice] 25#25: exit
2022/02/02 18:24:49 [notice] 28#28: exit
2022/02/02 18:24:49 [notice] 29#29: exiting
2022/02/02 18:24:49 [notice] 30#30: exiting
2022/02/02 18:24:49 [notice] 27#27: exiting
2022/02/02 18:24:49 [notice] 27#27: exit
2022/02/02 18:24:49 [notice] 24#24: exit
2022/02/02 18:24:49 [notice] 29#29: exit
2022/02/02 18:24:49 [notice] 30#30: exit
2022/02/02 18:24:49 [notice] 1#1: signal 14 (SIGALRM) received
2022/02/02 18:24:49 [notice] 1#1: signal 17 (SIGCHLD) received from 29
2022/02/02 18:24:49 [notice] 1#1: worker process 25 exited with code 0
2022/02/02 18:24:49 [notice] 1#1: worker process 29 exited with code 0
2022/02/02 18:24:49 [notice] 1#1: signal 29 (SIGIO) received
2022/02/02 18:24:49 [notice] 1#1: signal 17 (SIGCHLD) received from 26
2022/02/02 18:24:49 [notice] 1#1: worker process 26 exited with code 0
2022/02/02 18:24:49 [notice] 1#1: signal 29 (SIGIO) received
2022/02/02 18:24:49 [notice] 1#1: signal 17 (SIGCHLD) received from 23
2022/02/02 18:24:49 [notice] 1#1: worker process 23 exited with code 0
2022/02/02 18:24:49 [notice] 1#1: worker process 24 exited with code 0
2022/02/02 18:24:49 [notice] 1#1: worker process 27 exited with code 0
2022/02/02 18:24:49 [notice] 1#1: worker process 28 exited with code 0
2022/02/02 18:24:49 [notice] 1#1: signal 29 (SIGIO) received
2022/02/02 18:24:49 [notice] 1#1: signal 17 (SIGCHLD) received from 30
2022/02/02 18:24:49 [notice] 1#1: worker process 30 exited with code 0
2022/02/02 18:24:49 [notice] 1#1: exit
2022/02/03 19:23:33 [notice] 1#1: using the "epoll" event method
2022/02/03 19:23:33 [notice] 1#1: nginx/1.21.5
2022/02/03 19:23:33 [notice] 1#1: built by gcc 10.2.1 20210110 (Debian 10.2.1-6) 
2022/02/03 19:23:33 [notice] 1#1: OS: Linux 5.10.16.3-microsoft-standard-WSL2
2022/02/03 19:23:33 [notice] 1#1: getrlimit(RLIMIT_NOFILE): 1048576:1048576
2022/02/03 19:23:33 [notice] 1#1: start worker processes
2022/02/03 19:23:33 [notice] 1#1: start worker process 23
2022/02/03 19:23:33 [notice] 1#1: start worker process 24
2022/02/03 19:23:33 [notice] 1#1: start worker process 25
2022/02/03 19:23:33 [notice] 1#1: start worker process 26
2022/02/03 19:23:33 [notice] 1#1: start worker process 27
2022/02/03 19:23:33 [notice] 1#1: start worker process 28
2022/02/03 19:23:33 [notice] 1#1: start worker process 29
2022/02/03 19:23:33 [notice] 1#1: start worker process 30
2022/02/03 19:52:21 [notice] 26#26: signal 15 (SIGTERM) received, exiting
2022/02/03 19:52:21 [notice] 26#26: exiting
2022/02/03 19:52:21 [notice] 30#30: signal 15 (SIGTERM) received, exiting
2022/02/03 19:52:21 [notice] 25#25: signal 15 (SIGTERM) received, exiting
2022/02/03 19:52:21 [notice] 25#25: exiting
2022/02/03 19:52:21 [notice] 28#28: signal 15 (SIGTERM) received, exiting
2022/02/03 19:52:21 [notice] 1#1: signal 15 (SIGTERM) received, exiting
2022/02/03 19:52:21 [notice] 24#24: signal 15 (SIGTERM) received, exiting
2022/02/03 19:52:21 [notice] 24#24: exiting
2022/02/03 19:52:21 [notice] 24#24: exit
2022/02/03 19:52:21 [notice] 29#29: signal 15 (SIGTERM) received, exiting
2022/02/03 19:52:21 [notice] 23#23: signal 15 (SIGTERM) received, exiting
2022/02/03 19:52:21 [notice] 27#27: signal 15 (SIGTERM) received, exiting
2022/02/03 19:52:21 [notice] 26#26: exit
2022/02/03 19:52:21 [notice] 30#30: exiting
2022/02/03 19:52:21 [notice] 25#25: exit
2022/02/03 19:52:21 [notice] 28#28: exiting
2022/02/03 19:52:21 [notice] 29#29: exiting
2022/02/03 19:52:21 [notice] 23#23: exiting
2022/02/03 19:52:21 [notice] 23#23: exit
2022/02/03 19:52:21 [notice] 27#27: exiting
2022/02/03 19:52:21 [notice] 30#30: exit
2022/02/03 19:52:21 [notice] 28#28: exit
2022/02/03 19:52:21 [notice] 29#29: exit
2022/02/03 19:52:21 [notice] 27#27: exit
2022/02/03 19:52:21 [notice] 1#1: signal 14 (SIGALRM) received
2022/02/03 19:52:21 [notice] 1#1: signal 17 (SIGCHLD) received from 29
2022/02/03 19:52:21 [notice] 1#1: worker process 24 exited with code 0
2022/02/03 19:52:21 [notice] 1#1: worker process 25 exited with code 0
2022/02/03 19:52:21 [notice] 1#1: worker process 27 exited with code 0
2022/02/03 19:52:21 [notice] 1#1: worker process 29 exited with code 0
2022/02/03 19:52:21 [notice] 1#1: signal 29 (SIGIO) received
2022/02/03 19:52:21 [notice] 1#1: signal 17 (SIGCHLD) received from 27
2022/02/03 19:52:21 [notice] 1#1: signal 17 (SIGCHLD) received from 23
2022/02/03 19:52:21 [notice] 1#1: worker process 23 exited with code 0
2022/02/03 19:52:21 [notice] 1#1: signal 29 (SIGIO) received
2022/02/03 19:52:21 [notice] 1#1: signal 17 (SIGCHLD) received from 28
2022/02/03 19:52:21 [notice] 1#1: worker process 26 exited with code 0
2022/02/03 19:52:21 [notice] 1#1: worker process 28 exited with code 0
2022/02/03 19:52:21 [notice] 1#1: signal 29 (SIGIO) received
2022/02/03 19:52:21 [notice] 1#1: signal 17 (SIGCHLD) received from 26
2022/02/03 19:52:21 [notice] 1#1: signal 17 (SIGCHLD) received from 30
2022/02/03 19:52:21 [notice] 1#1: worker process 30 exited with code 0
2022/02/03 19:52:21 [notice] 1#1: exit
2022/02/04 00:54:20 [notice] 1#1: using the "epoll" event method
2022/02/04 00:54:20 [notice] 1#1: nginx/1.21.5
2022/02/04 00:54:20 [notice] 1#1: built by gcc 10.2.1 20210110 (Debian 10.2.1-6) 
2022/02/04 00:54:20 [notice] 1#1: OS: Linux 5.10.16.3-microsoft-standard-WSL2
2022/02/04 00:54:20 [notice] 1#1: getrlimit(RLIMIT_NOFILE): 1048576:1048576
2022/02/04 00:54:20 [notice] 1#1: start worker processes
2022/02/04 00:54:20 [notice] 1#1: start worker process 23
2022/02/04 00:54:20 [notice] 1#1: start worker process 24
2022/02/04 00:54:20 [notice] 1#1: start worker process 25
2022/02/04 00:54:20 [notice] 1#1: start worker process 26
2022/02/04 00:54:20 [notice] 1#1: start worker process 27
2022/02/04 00:54:20 [notice] 1#1: start worker process 28
2022/02/04 00:54:20 [notice] 1#1: start worker process 29
2022/02/04 00:54:20 [notice] 1#1: start worker process 30
2022/02/04 01:01:04 [notice] 1#1: signal 3 (SIGQUIT) received, shutting down
2022/02/04 01:01:04 [notice] 23#23: gracefully shutting down
2022/02/04 01:01:04 [notice] 24#24: gracefully shutting down
2022/02/04 01:01:04 [notice] 25#25: gracefully shutting down
2022/02/04 01:01:04 [notice] 26#26: gracefully shutting down
2022/02/04 01:01:04 [notice] 28#28: gracefully shutting down
2022/02/04 01:01:04 [notice] 30#30: gracefully shutting down
2022/02/04 01:01:04 [notice] 27#27: gracefully shutting down
2022/02/04 01:01:04 [notice] 29#29: gracefully shutting down
2022/02/04 01:01:04 [notice] 23#23: exiting
2022/02/04 01:01:04 [notice] 24#24: exiting
2022/02/04 01:01:04 [notice] 25#25: exiting
2022/02/04 01:01:04 [notice] 26#26: exiting
2022/02/04 01:01:04 [notice] 28#28: exiting
2022/02/04 01:01:04 [notice] 30#30: exiting
2022/02/04 01:01:04 [notice] 27#27: exiting
2022/02/04 01:01:04 [notice] 29#29: exiting
2022/02/04 01:01:04 [notice] 23#23: exit
2022/02/04 01:01:04 [notice] 24#24: exit
2022/02/04 01:01:04 [notice] 25#25: exit
2022/02/04 01:01:04 [notice] 26#26: exit
2022/02/04 01:01:04 [notice] 28#28: exit
2022/02/04 01:01:04 [notice] 30#30: exit
2022/02/04 01:01:04 [notice] 27#27: exit
2022/02/04 01:01:04 [notice] 29#29: exit
2022/02/04 01:01:04 [notice] 1#1: signal 17 (SIGCHLD) received from 25
2022/02/04 01:01:04 [notice] 1#1: worker process 25 exited with code 0
2022/02/04 01:01:04 [notice] 1#1: signal 29 (SIGIO) received
2022/02/04 01:01:04 [notice] 1#1: signal 17 (SIGCHLD) received from 24
2022/02/04 01:01:04 [notice] 1#1: worker process 23 exited with code 0
2022/02/04 01:01:04 [notice] 1#1: worker process 24 exited with code 0
2022/02/04 01:01:04 [notice] 1#1: worker process 27 exited with code 0
2022/02/04 01:01:04 [notice] 1#1: worker process 28 exited with code 0
2022/02/04 01:01:04 [notice] 1#1: worker process 29 exited with code 0
2022/02/04 01:01:04 [notice] 1#1: worker process 30 exited with code 0
2022/02/04 01:01:04 [notice] 1#1: signal 29 (SIGIO) received
2022/02/04 01:01:04 [notice] 1#1: signal 17 (SIGCHLD) received from 28
2022/02/04 01:01:04 [notice] 1#1: signal 17 (SIGCHLD) received from 26
2022/02/04 01:01:04 [notice] 1#1: worker process 26 exited with code 0
2022/02/04 01:01:04 [notice] 1#1: exit
2022/03/20 20:02:45 [notice] 1#1: using the "epoll" event method
2022/03/20 20:02:45 [notice] 1#1: nginx/1.21.5
2022/03/20 20:02:45 [notice] 1#1: built by gcc 10.2.1 20210110 (Debian 10.2.1-6) 
2022/03/20 20:02:45 [notice] 1#1: OS: Linux 5.10.16.3-microsoft-standard-WSL2
2022/03/20 20:02:45 [notice] 1#1: getrlimit(RLIMIT_NOFILE): 1048576:1048576
2022/03/20 20:02:45 [notice] 1#1: start worker processes
2022/03/20 20:02:45 [notice] 1#1: start worker process 23
2022/03/20 20:02:45 [notice] 1#1: start worker process 24
2022/03/20 20:02:45 [notice] 1#1: start worker process 25
2022/03/20 20:02:45 [notice] 1#1: start worker process 26
2022/03/20 20:02:45 [notice] 1#1: start worker process 27
2022/03/20 20:02:45 [notice] 1#1: start worker process 28
2022/03/20 20:02:45 [notice] 1#1: start worker process 29
2022/03/20 20:02:45 [notice] 1#1: start worker process 30
2022/03/20 20:40:29 [notice] 29#29: signal 15 (SIGTERM) received, exiting
2022/03/20 20:40:29 [notice] 30#30: signal 15 (SIGTERM) received, exiting
2022/03/20 20:40:29 [notice] 30#30: exiting
2022/03/20 20:40:29 [notice] 29#29: exiting
2022/03/20 20:40:29 [notice] 1#1: signal 15 (SIGTERM) received, exiting
2022/03/20 20:40:29 [notice] 23#23: signal 15 (SIGTERM) received, exiting
2022/03/20 20:40:29 [notice] 28#28: signal 15 (SIGTERM) received, exiting
2022/03/20 20:40:29 [notice] 28#28: exiting
2022/03/20 20:40:29 [notice] 30#30: exit
2022/03/20 20:40:29 [notice] 29#29: exit
2022/03/20 20:40:29 [notice] 24#24: signal 15 (SIGTERM) received, exiting
2022/03/20 20:40:29 [notice] 27#27: signal 15 (SIGTERM) received, exiting
2022/03/20 20:40:29 [notice] 25#25: signal 15 (SIGTERM) received, exiting
2022/03/20 20:40:29 [notice] 26#26: signal 15 (SIGTERM) received, exiting
2022/03/20 20:40:29 [notice] 23#23: exiting
2022/03/20 20:40:29 [notice] 28#28: exit
2022/03/20 20:40:29 [notice] 23#23: exit
2022/03/20 20:40:29 [notice] 24#24: exiting
2022/03/20 20:40:29 [notice] 27#27: exiting
2022/03/20 20:40:29 [notice] 25#25: exiting
2022/03/20 20:40:29 [notice] 26#26: exiting
2022/03/20 20:40:29 [notice] 24#24: exit
2022/03/20 20:40:29 [notice] 1#1: signal 14 (SIGALRM) received
2022/03/20 20:40:29 [notice] 27#27: exit
2022/03/20 20:40:29 [notice] 25#25: exit
2022/03/20 20:40:29 [notice] 26#26: exit
2022/03/20 20:40:29 [notice] 1#1: signal 17 (SIGCHLD) received from 23
2022/03/20 20:40:29 [notice] 1#1: worker process 23 exited with code 0
2022/03/20 20:40:29 [notice] 1#1: worker process 24 exited with code 0
2022/03/20 20:40:29 [notice] 1#1: worker process 27 exited with code 0
2022/03/20 20:40:29 [notice] 1#1: worker process 30 exited with code 0
2022/03/20 20:40:29 [notice] 1#1: signal 29 (SIGIO) received
2022/03/20 20:40:29 [notice] 1#1: signal 17 (SIGCHLD) received from 27
2022/03/20 20:40:29 [notice] 1#1: signal 17 (SIGCHLD) received from 28
2022/03/20 20:40:29 [notice] 1#1: worker process 25 exited with code 0
2022/03/20 20:40:29 [notice] 1#1: worker process 28 exited with code 0
2022/03/20 20:40:29 [notice] 1#1: worker process 29 exited with code 0
2022/03/20 20:40:29 [notice] 1#1: signal 29 (SIGIO) received
2022/03/20 20:40:29 [notice] 1#1: signal 17 (SIGCHLD) received from 29
2022/03/20 20:40:29 [notice] 1#1: signal 17 (SIGCHLD) received from 26
2022/03/20 20:40:29 [notice] 1#1: worker process 26 exited with code 0
2022/03/20 20:40:29 [notice] 1#1: exit
2022/03/24 17:00:02 [notice] 1#1: using the "epoll" event method
2022/03/24 17:00:02 [notice] 1#1: nginx/1.21.5
2022/03/24 17:00:02 [notice] 1#1: built by gcc 10.2.1 20210110 (Debian 10.2.1-6) 
2022/03/24 17:00:02 [notice] 1#1: OS: Linux 5.10.16.3-microsoft-standard-WSL2
2022/03/24 17:00:02 [notice] 1#1: getrlimit(RLIMIT_NOFILE): 1048576:1048576
2022/03/24 17:00:02 [notice] 1#1: start worker processes
2022/03/24 17:00:02 [notice] 1#1: start worker process 22
2022/03/24 17:00:02 [notice] 1#1: start worker process 23
2022/03/24 17:00:02 [notice] 1#1: start worker process 24
2022/03/24 17:00:02 [notice] 1#1: start worker process 25
2022/03/24 17:00:02 [notice] 1#1: start worker process 26
2022/03/24 17:00:02 [notice] 1#1: start worker process 27
2022/03/24 17:00:02 [notice] 1#1: start worker process 28
2022/03/24 17:00:02 [notice] 1#1: start worker process 29
2022/03/24 19:17:50 [notice] 22#22: signal 15 (SIGTERM) received, exiting
2022/03/24 19:17:50 [notice] 22#22: exiting
2022/03/24 19:17:50 [notice] 26#26: signal 15 (SIGTERM) received, exiting
2022/03/24 19:17:50 [notice] 26#26: exiting
2022/03/24 19:17:50 [notice] 25#25: signal 15 (SIGTERM) received, exiting
2022/03/24 19:17:50 [notice] 23#23: signal 15 (SIGTERM) received, exiting
2022/03/24 19:17:50 [notice] 23#23: exiting
2022/03/24 19:17:50 [notice] 27#27: signal 15 (SIGTERM) received, exiting
2022/03/24 19:17:50 [notice] 24#24: signal 15 (SIGTERM) received, exiting
2022/03/24 19:17:50 [notice] 1#1: signal 15 (SIGTERM) received, exiting
2022/03/24 19:17:50 [notice] 29#29: signal 15 (SIGTERM) received, exiting
2022/03/24 19:17:50 [notice] 22#22: exit
2022/03/24 19:17:50 [notice] 29#29: exiting
2022/03/24 19:17:50 [notice] 28#28: signal 15 (SIGTERM) received, exiting
2022/03/24 19:17:50 [notice] 25#25: exiting
2022/03/24 19:17:50 [notice] 26#26: exit
2022/03/24 19:17:50 [notice] 28#28: exiting
2022/03/24 19:17:50 [notice] 23#23: exit
2022/03/24 19:17:50 [notice] 27#27: exiting
2022/03/24 19:17:50 [notice] 27#27: exit
2022/03/24 19:17:50 [notice] 24#24: exiting
2022/03/24 19:17:50 [notice] 25#25: exit
2022/03/24 19:17:50 [notice] 29#29: exit
2022/03/24 19:17:50 [notice] 28#28: exit
2022/03/24 19:17:50 [notice] 24#24: exit
2022/03/24 19:17:50 [notice] 1#1: signal 14 (SIGALRM) received
2022/03/24 19:17:50 [notice] 1#1: signal 17 (SIGCHLD) received from 22
2022/03/24 19:17:50 [notice] 1#1: worker process 22 exited with code 0
2022/03/24 19:17:50 [notice] 1#1: signal 29 (SIGIO) received
2022/03/24 19:17:50 [notice] 1#1: signal 17 (SIGCHLD) received from 23
2022/03/24 19:17:50 [notice] 1#1: worker process 23 exited with code 0
2022/03/24 19:17:50 [notice] 1#1: worker process 25 exited with code 0
2022/03/24 19:17:50 [notice] 1#1: worker process 26 exited with code 0
2022/03/24 19:17:50 [notice] 1#1: worker process 27 exited with code 0
2022/03/24 19:17:50 [notice] 1#1: worker process 28 exited with code 0
2022/03/24 19:17:50 [notice] 1#1: signal 29 (SIGIO) received
2022/03/24 19:17:50 [notice] 1#1: signal 17 (SIGCHLD) received from 25
2022/03/24 19:17:50 [notice] 1#1: signal 17 (SIGCHLD) received from 29
2022/03/24 19:17:50 [notice] 1#1: worker process 24 exited with code 0
2022/03/24 19:17:50 [notice] 1#1: worker process 29 exited with code 0
2022/03/24 19:17:50 [notice] 1#1: exit
2022/03/25 21:16:40 [notice] 1#1: using the "epoll" event method
2022/03/25 21:16:40 [notice] 1#1: nginx/1.21.5
2022/03/25 21:16:40 [notice] 1#1: built by gcc 10.2.1 20210110 (Debian 10.2.1-6) 
2022/03/25 21:16:40 [notice] 1#1: OS: Linux 5.10.16.3-microsoft-standard-WSL2
2022/03/25 21:16:40 [notice] 1#1: getrlimit(RLIMIT_NOFILE): 1048576:1048576
2022/03/25 21:16:40 [notice] 1#1: start worker processes
2022/03/25 21:16:40 [notice] 1#1: start worker process 22
2022/03/25 21:16:40 [notice] 1#1: start worker process 23
2022/03/25 21:16:40 [notice] 1#1: start worker process 24
2022/03/25 21:16:40 [notice] 1#1: start worker process 25
2022/03/25 21:16:40 [notice] 1#1: start worker process 26
2022/03/25 21:16:40 [notice] 1#1: start worker process 27
2022/03/25 21:16:40 [notice] 1#1: start worker process 28
2022/03/25 21:16:40 [notice] 1#1: start worker process 29
2022/03/25 23:16:55 [notice] 23#23: signal 15 (SIGTERM) received, exiting
2022/03/25 23:16:55 [notice] 25#25: signal 15 (SIGTERM) received, exiting
2022/03/25 23:16:55 [notice] 28#28: signal 15 (SIGTERM) received, exiting
2022/03/25 23:16:55 [notice] 22#22: signal 15 (SIGTERM) received, exiting
2022/03/25 23:16:55 [notice] 25#25: exiting
2022/03/25 23:16:55 [notice] 22#22: exiting
2022/03/25 23:16:55 [notice] 23#23: exiting
2022/03/25 23:16:55 [notice] 23#23: exit
2022/03/25 23:16:55 [notice] 26#26: signal 15 (SIGTERM) received, exiting
2022/03/25 23:16:55 [notice] 28#28: exiting
2022/03/25 23:16:55 [notice] 27#27: signal 15 (SIGTERM) received, exiting
2022/03/25 23:16:55 [notice] 24#24: signal 15 (SIGTERM) received, exiting
2022/03/25 23:16:55 [notice] 1#1: signal 15 (SIGTERM) received, exiting
2022/03/25 23:16:55 [notice] 25#25: exit
2022/03/25 23:16:55 [notice] 22#22: exit
2022/03/25 23:16:55 [notice] 29#29: signal 15 (SIGTERM) received, exiting
2022/03/25 23:16:55 [notice] 26#26: exiting
2022/03/25 23:16:55 [notice] 27#27: exiting
2022/03/25 23:16:55 [notice] 29#29: exiting
2022/03/25 23:16:55 [notice] 28#28: exit
2022/03/25 23:16:55 [notice] 24#24: exiting
2022/03/25 23:16:55 [notice] 27#27: exit
2022/03/25 23:16:55 [notice] 24#24: exit
2022/03/25 23:16:55 [notice] 26#26: exit
2022/03/25 23:16:55 [notice] 29#29: exit
2022/03/25 23:16:55 [notice] 1#1: signal 14 (SIGALRM) received
2022/03/25 23:16:55 [notice] 1#1: signal 17 (SIGCHLD) received from 28
2022/03/25 23:16:55 [notice] 1#1: worker process 23 exited with code 0
2022/03/25 23:16:55 [notice] 1#1: worker process 24 exited with code 0
2022/03/25 23:16:55 [notice] 1#1: worker process 28 exited with code 0
2022/03/25 23:16:55 [notice] 1#1: worker process 29 exited with code 0
2022/03/25 23:16:55 [notice] 1#1: signal 29 (SIGIO) received
2022/03/25 23:16:55 [notice] 1#1: signal 17 (SIGCHLD) received from 29
2022/03/25 23:16:55 [notice] 1#1: signal 17 (SIGCHLD) received from 22
2022/03/25 23:16:55 [notice] 1#1: worker process 22 exited with code 0
2022/03/25 23:16:55 [notice] 1#1: worker process 25 exited with code 0
2022/03/25 23:16:55 [notice] 1#1: worker process 26 exited with code 0
2022/03/25 23:16:55 [notice] 1#1: worker process 27 exited with code 0
2022/03/25 23:16:55 [notice] 1#1: exit
2022/03/28 21:26:06 [notice] 1#1: using the "epoll" event method
2022/03/28 21:26:06 [notice] 1#1: nginx/1.21.5
2022/03/28 21:26:06 [notice] 1#1: built by gcc 10.2.1 20210110 (Debian 10.2.1-6) 
2022/03/28 21:26:06 [notice] 1#1: OS: Linux 5.10.16.3-microsoft-standard-WSL2
2022/03/28 21:26:06 [notice] 1#1: getrlimit(RLIMIT_NOFILE): 1048576:1048576
2022/03/28 21:26:06 [notice] 1#1: start worker processes
2022/03/28 21:26:06 [notice] 1#1: start worker process 23
2022/03/28 21:26:06 [notice] 1#1: start worker process 24
2022/03/28 21:26:06 [notice] 1#1: start worker process 25
2022/03/28 21:26:06 [notice] 1#1: start worker process 26
2022/03/28 21:26:06 [notice] 1#1: start worker process 27
2022/03/28 21:26:06 [notice] 1#1: start worker process 28
2022/03/28 21:26:06 [notice] 1#1: start worker process 29
2022/03/28 21:26:06 [notice] 1#1: start worker process 30
2022/03/28 22:01:36 [notice] 30#30: signal 15 (SIGTERM) received, exiting
2022/03/28 22:01:36 [notice] 30#30: exiting
2022/03/28 22:01:36 [notice] 26#26: signal 15 (SIGTERM) received, exiting
2022/03/28 22:01:36 [notice] 26#26: exiting
2022/03/28 22:01:36 [notice] 25#25: signal 15 (SIGTERM) received, exiting
2022/03/28 22:01:36 [notice] 25#25: exiting
2022/03/28 22:01:36 [notice] 24#24: signal 15 (SIGTERM) received, exiting
2022/03/28 22:01:36 [notice] 24#24: exiting
2022/03/28 22:01:36 [notice] 1#1: signal 15 (SIGTERM) received, exiting
2022/03/28 22:01:36 [notice] 29#29: signal 15 (SIGTERM) received, exiting
2022/03/28 22:01:36 [notice] 28#28: signal 15 (SIGTERM) received, exiting
2022/03/28 22:01:36 [notice] 23#23: signal 15 (SIGTERM) received, exiting
2022/03/28 22:01:36 [notice] 28#28: exiting
2022/03/28 22:01:36 [notice] 27#27: signal 15 (SIGTERM) received, exiting
2022/03/28 22:01:36 [notice] 30#30: exit
2022/03/28 22:01:36 [notice] 26#26: exit
2022/03/28 22:01:36 [notice] 25#25: exit
2022/03/28 22:01:36 [notice] 28#28: exit
2022/03/28 22:01:36 [notice] 24#24: exit
2022/03/28 22:01:36 [notice] 29#29: exiting
2022/03/28 22:01:36 [notice] 23#23: exiting
2022/03/28 22:01:36 [notice] 29#29: exit
2022/03/28 22:01:36 [notice] 23#23: exit
2022/03/28 22:01:36 [notice] 27#27: exiting
2022/03/28 22:01:36 [notice] 27#27: exit
2022/03/28 22:01:36 [notice] 1#1: signal 14 (SIGALRM) received
2022/03/28 22:01:36 [notice] 1#1: signal 17 (SIGCHLD) received from 23
2022/03/28 22:01:36 [notice] 1#1: worker process 23 exited with code 0
2022/03/28 22:01:36 [notice] 1#1: worker process 28 exited with code 0
2022/03/28 22:01:36 [notice] 1#1: worker process 30 exited with code 0
2022/03/28 22:01:36 [notice] 1#1: signal 29 (SIGIO) received
2022/03/28 22:01:37 [notice] 1#1: signal 17 (SIGCHLD) received from 26
2022/03/28 22:01:37 [notice] 1#1: worker process 24 exited with code 0
2022/03/28 22:01:37 [notice] 1#1: worker process 25 exited with code 0
2022/03/28 22:01:37 [notice] 1#1: worker process 26 exited with code 0
2022/03/28 22:01:37 [notice] 1#1: worker process 27 exited with code 0
2022/03/28 22:01:37 [notice] 1#1: worker process 29 exited with code 0
2022/03/28 22:01:37 [notice] 1#1: exit
2022/04/10 19:27:43 [notice] 1#1: using the "epoll" event method
2022/04/10 19:27:43 [notice] 1#1: nginx/1.21.5
2022/04/10 19:27:43 [notice] 1#1: built by gcc 10.2.1 20210110 (Debian 10.2.1-6) 
2022/04/10 19:27:43 [notice] 1#1: OS: Linux 5.10.16.3-microsoft-standard-WSL2
2022/04/10 19:27:43 [notice] 1#1: getrlimit(RLIMIT_NOFILE): 1048576:1048576
2022/04/10 19:27:43 [notice] 1#1: start worker processes
2022/04/10 19:27:43 [notice] 1#1: start worker process 22
2022/04/10 19:27:43 [notice] 1#1: start worker process 23
2022/04/10 19:27:43 [notice] 1#1: start worker process 24
2022/04/10 19:27:43 [notice] 1#1: start worker process 25
2022/04/10 19:27:43 [notice] 1#1: start worker process 26
2022/04/10 19:27:43 [notice] 1#1: start worker process 27
2022/04/10 19:27:43 [notice] 1#1: start worker process 28
2022/04/10 19:27:43 [notice] 1#1: start worker process 29
2022/05/02 17:12:08 [notice] 1#1: using the "epoll" event method
2022/05/02 17:12:08 [notice] 1#1: nginx/1.21.5
2022/05/02 17:12:08 [notice] 1#1: built by gcc 10.2.1 20210110 (Debian 10.2.1-6) 
2022/05/02 17:12:08 [notice] 1#1: OS: Linux 5.10.16.3-microsoft-standard-WSL2
2022/05/02 17:12:08 [notice] 1#1: getrlimit(RLIMIT_NOFILE): 1048576:1048576
2022/05/02 17:12:08 [notice] 1#1: start worker processes
2022/05/02 17:12:08 [notice] 1#1: start worker process 23
2022/05/02 17:12:08 [notice] 1#1: start worker process 24
2022/05/02 17:12:08 [notice] 1#1: start worker process 25
2022/05/02 17:12:08 [notice] 1#1: start worker process 26
2022/05/02 17:12:08 [notice] 1#1: start worker process 27
2022/05/02 17:12:08 [notice] 1#1: start worker process 28
2022/05/02 17:12:08 [notice] 1#1: start worker process 29
2022/05/02 17:12:08 [notice] 1#1: start worker process 30
2022/05/02 19:49:17 [notice] 1#1: signal 3 (SIGQUIT) received, shutting down
2022/05/02 19:49:17 [notice] 23#23: gracefully shutting down
2022/05/02 19:49:17 [notice] 26#26: gracefully shutting down
2022/05/02 19:49:17 [notice] 24#24: gracefully shutting down
2022/05/02 19:49:17 [notice] 27#27: gracefully shutting down
2022/05/02 19:49:17 [notice] 25#25: gracefully shutting down
2022/05/02 19:49:17 [notice] 28#28: gracefully shutting down
2022/05/02 19:49:17 [notice] 30#30: gracefully shutting down
2022/05/02 19:49:17 [notice] 29#29: gracefully shutting down
2022/05/02 19:49:17 [notice] 27#27: exiting
2022/05/02 19:49:17 [notice] 26#26: exiting
2022/05/02 19:49:17 [notice] 23#23: exiting
2022/05/02 19:49:17 [notice] 24#24: exiting
2022/05/02 19:49:17 [notice] 25#25: exiting
2022/05/02 19:49:17 [notice] 28#28: exiting
2022/05/02 19:49:17 [notice] 29#29: exiting
2022/05/02 19:49:17 [notice] 30#30: exiting
2022/05/02 19:49:17 [notice] 23#23: exit
2022/05/02 19:49:17 [notice] 27#27: exit
2022/05/02 19:49:17 [notice] 28#28: exit
2022/05/02 19:49:17 [notice] 24#24: exit
2022/05/02 19:49:17 [notice] 26#26: exit
2022/05/02 19:49:17 [notice] 25#25: exit
2022/05/02 19:49:17 [notice] 29#29: exit
2022/05/02 19:49:17 [notice] 30#30: exit
2022/05/02 19:49:17 [notice] 1#1: signal 17 (SIGCHLD) received from 23
2022/05/02 19:49:17 [notice] 1#1: worker process 23 exited with code 0
2022/05/02 19:49:17 [notice] 1#1: worker process 25 exited with code 0
2022/05/02 19:49:17 [notice] 1#1: worker process 26 exited with code 0
2022/05/02 19:49:17 [notice] 1#1: worker process 27 exited with code 0
2022/05/02 19:49:17 [notice] 1#1: worker process 28 exited with code 0
2022/05/02 19:49:17 [notice] 1#1: worker process 29 exited with code 0
2022/05/02 19:49:17 [notice] 1#1: worker process 30 exited with code 0
2022/05/02 19:49:17 [notice] 1#1: signal 29 (SIGIO) received
2022/05/02 19:49:17 [notice] 1#1: signal 17 (SIGCHLD) received from 30
2022/05/02 19:49:17 [notice] 1#1: signal 17 (SIGCHLD) received from 24
2022/05/02 19:49:17 [notice] 1#1: worker process 24 exited with code 0
2022/05/02 19:49:17 [notice] 1#1: exit
2022/05/02 19:49:35 [notice] 1#1: using the "epoll" event method
2022/05/02 19:49:35 [notice] 1#1: nginx/1.21.5
2022/05/02 19:49:35 [notice] 1#1: built by gcc 10.2.1 20210110 (Debian 10.2.1-6) 
2022/05/02 19:49:35 [notice] 1#1: OS: Linux 5.10.16.3-microsoft-standard-WSL2
2022/05/02 19:49:35 [notice] 1#1: getrlimit(RLIMIT_NOFILE): 1048576:1048576
2022/05/02 19:49:35 [notice] 1#1: start worker processes
2022/05/02 19:49:35 [notice] 1#1: start worker process 22
2022/05/02 19:49:35 [notice] 1#1: start worker process 23
2022/05/02 19:49:35 [notice] 1#1: start worker process 24
2022/05/02 19:49:35 [notice] 1#1: start worker process 25
2022/05/02 19:49:35 [notice] 1#1: start worker process 26
2022/05/02 19:49:35 [notice] 1#1: start worker process 27
2022/05/02 19:49:35 [notice] 1#1: start worker process 28
2022/05/02 19:49:35 [notice] 1#1: start worker process 29
2022/05/02 20:10:45 [notice] 1#1: signal 3 (SIGQUIT) received, shutting down
2022/05/02 20:10:45 [notice] 22#22: gracefully shutting down
2022/05/02 20:10:45 [notice] 23#23: gracefully shutting down
2022/05/02 20:10:45 [notice] 24#24: gracefully shutting down
2022/05/02 20:10:45 [notice] 25#25: gracefully shutting down
2022/05/02 20:10:45 [notice] 26#26: gracefully shutting down
2022/05/02 20:10:45 [notice] 27#27: gracefully shutting down
2022/05/02 20:10:45 [notice] 29#29: gracefully shutting down
2022/05/02 20:10:45 [notice] 22#22: exiting
2022/05/02 20:10:45 [notice] 28#28: gracefully shutting down
2022/05/02 20:10:45 [notice] 22#22: exit
2022/05/02 20:10:45 [notice] 23#23: exiting
2022/05/02 20:10:45 [notice] 24#24: exiting
2022/05/02 20:10:45 [notice] 25#25: exiting
2022/05/02 20:10:45 [notice] 26#26: exiting
2022/05/02 20:10:45 [notice] 27#27: exiting
2022/05/02 20:10:45 [notice] 29#29: exiting
2022/05/02 20:10:45 [notice] 28#28: exiting
2022/05/02 20:10:45 [notice] 23#23: exit
2022/05/02 20:10:45 [notice] 24#24: exit
2022/05/02 20:10:45 [notice] 25#25: exit
2022/05/02 20:10:45 [notice] 26#26: exit
2022/05/02 20:10:45 [notice] 27#27: exit
2022/05/02 20:10:45 [notice] 29#29: exit
2022/05/02 20:10:45 [notice] 28#28: exit
2022/05/02 20:10:45 [notice] 1#1: signal 17 (SIGCHLD) received from 27
2022/05/02 20:10:45 [notice] 1#1: worker process 26 exited with code 0
2022/05/02 20:10:45 [notice] 1#1: worker process 27 exited with code 0
2022/05/02 20:10:45 [notice] 1#1: signal 29 (SIGIO) received
2022/05/02 20:10:45 [notice] 1#1: signal 17 (SIGCHLD) received from 25
2022/05/02 20:10:45 [notice] 1#1: worker process 23 exited with code 0
2022/05/02 20:10:45 [notice] 1#1: worker process 25 exited with code 0
2022/05/02 20:10:45 [notice] 1#1: signal 29 (SIGIO) received
2022/05/02 20:10:45 [notice] 1#1: signal 17 (SIGCHLD) received from 29
2022/05/02 20:10:45 [notice] 1#1: worker process 29 exited with code 0
2022/05/02 20:10:45 [notice] 1#1: signal 29 (SIGIO) received
2022/05/02 20:10:45 [notice] 1#1: signal 17 (SIGCHLD) received from 28
2022/05/02 20:10:45 [notice] 1#1: worker process 22 exited with code 0
2022/05/02 20:10:45 [notice] 1#1: worker process 24 exited with code 0
2022/05/02 20:10:45 [notice] 1#1: worker process 28 exited with code 0
2022/05/02 20:10:45 [notice] 1#1: exit
2022/05/02 20:11:08 [notice] 1#1: using the "epoll" event method
2022/05/02 20:11:08 [notice] 1#1: nginx/1.21.5
2022/05/02 20:11:08 [notice] 1#1: built by gcc 10.2.1 20210110 (Debian 10.2.1-6) 
2022/05/02 20:11:08 [notice] 1#1: OS: Linux 5.10.16.3-microsoft-standard-WSL2
2022/05/02 20:11:08 [notice] 1#1: getrlimit(RLIMIT_NOFILE): 1048576:1048576
2022/05/02 20:11:08 [notice] 1#1: start worker processes
2022/05/02 20:11:08 [notice] 1#1: start worker process 22
2022/05/02 20:11:08 [notice] 1#1: start worker process 23
2022/05/02 20:11:08 [notice] 1#1: start worker process 24
2022/05/02 20:11:08 [notice] 1#1: start worker process 25
2022/05/02 20:11:08 [notice] 1#1: start worker process 26
2022/05/02 20:11:08 [notice] 1#1: start worker process 27
2022/05/02 20:11:08 [notice] 1#1: start worker process 28
2022/05/02 20:11:08 [notice] 1#1: start worker process 29
2022/05/02 20:15:13 [notice] 28#28: signal 15 (SIGTERM) received, exiting
2022/05/02 20:15:13 [notice] 28#28: exiting
2022/05/02 20:15:13 [notice] 28#28: exit
2022/05/02 20:15:13 [notice] 1#1: signal 15 (SIGTERM) received, exiting
2022/05/02 20:15:13 [notice] 24#24: signal 15 (SIGTERM) received, exiting
2022/05/02 20:15:13 [notice] 24#24: exiting
2022/05/02 20:15:13 [notice] 27#27: signal 15 (SIGTERM) received, exiting
2022/05/02 20:15:13 [notice] 22#22: signal 15 (SIGTERM) received, exiting
2022/05/02 20:15:13 [notice] 22#22: exiting
2022/05/02 20:15:13 [notice] 25#25: signal 15 (SIGTERM) received, exiting
2022/05/02 20:15:13 [notice] 25#25: exiting
2022/05/02 20:15:13 [notice] 23#23: signal 15 (SIGTERM) received, exiting
2022/05/02 20:15:13 [notice] 23#23: exiting
2022/05/02 20:15:13 [notice] 26#26: signal 15 (SIGTERM) received, exiting
2022/05/02 20:15:13 [notice] 29#29: signal 15 (SIGTERM) received, exiting
2022/05/02 20:15:13 [notice] 29#29: exiting
2022/05/02 20:15:13 [notice] 24#24: exit
2022/05/02 20:15:13 [notice] 27#27: exiting
2022/05/02 20:15:13 [notice] 25#25: exit
2022/05/02 20:15:13 [notice] 22#22: exit
2022/05/02 20:15:13 [notice] 23#23: exit
2022/05/02 20:15:13 [notice] 26#26: exiting
2022/05/02 20:15:13 [notice] 29#29: exit
2022/05/02 20:15:13 [notice] 27#27: exit
2022/05/02 20:15:13 [notice] 26#26: exit
2022/05/02 20:15:13 [notice] 1#1: signal 14 (SIGALRM) received
2022/05/02 20:15:13 [notice] 1#1: signal 17 (SIGCHLD) received from 28
2022/05/02 20:15:13 [notice] 1#1: worker process 28 exited with code 0
2022/05/02 20:15:13 [notice] 1#1: signal 29 (SIGIO) received
2022/05/02 20:15:13 [notice] 1#1: signal 17 (SIGCHLD) received from 27
2022/05/02 20:15:13 [notice] 1#1: worker process 27 exited with code 0
2022/05/02 20:15:13 [notice] 1#1: signal 29 (SIGIO) received
2022/05/02 20:15:13 [notice] 1#1: signal 17 (SIGCHLD) received from 22
2022/05/02 20:15:13 [notice] 1#1: worker process 22 exited with code 0
2022/05/02 20:15:13 [notice] 1#1: worker process 24 exited with code 0
2022/05/02 20:15:13 [notice] 1#1: worker process 25 exited with code 0
2022/05/02 20:15:13 [notice] 1#1: worker process 26 exited with code 0
2022/05/02 20:15:13 [notice] 1#1: worker process 29 exited with code 0
2022/05/02 20:15:13 [notice] 1#1: signal 29 (SIGIO) received
2022/05/02 20:15:13 [notice] 1#1: signal 17 (SIGCHLD) received from 24
2022/05/02 20:15:13 [notice] 1#1: signal 17 (SIGCHLD) received from 23
2022/05/02 20:15:13 [notice] 1#1: worker process 23 exited with code 0
2022/05/02 20:15:13 [notice] 1#1: exit
2022/05/02 20:19:26 [notice] 1#1: using the "epoll" event method
2022/05/02 20:19:26 [notice] 1#1: nginx/1.21.5
2022/05/02 20:19:26 [notice] 1#1: built by gcc 10.2.1 20210110 (Debian 10.2.1-6) 
2022/05/02 20:19:26 [notice] 1#1: OS: Linux 5.10.16.3-microsoft-standard-WSL2
2022/05/02 20:19:26 [notice] 1#1: getrlimit(RLIMIT_NOFILE): 1048576:1048576
2022/05/02 20:19:26 [notice] 1#1: start worker processes
2022/05/02 20:19:26 [notice] 1#1: start worker process 22
2022/05/02 20:19:26 [notice] 1#1: start worker process 23
2022/05/02 20:19:26 [notice] 1#1: start worker process 24
2022/05/02 20:19:26 [notice] 1#1: start worker process 25
2022/05/02 20:19:26 [notice] 1#1: start worker process 26
2022/05/02 20:19:26 [notice] 1#1: start worker process 27
2022/05/02 20:19:26 [notice] 1#1: start worker process 28
2022/05/02 20:19:26 [notice] 1#1: start worker process 29
2022/05/02 20:37:34 [notice] 1#1: signal 3 (SIGQUIT) received, shutting down
2022/05/02 20:37:34 [notice] 22#22: gracefully shutting down
2022/05/02 20:37:34 [notice] 25#25: gracefully shutting down
2022/05/02 20:37:34 [notice] 23#23: gracefully shutting down
2022/05/02 20:37:34 [notice] 24#24: gracefully shutting down
2022/05/02 20:37:34 [notice] 28#28: gracefully shutting down
2022/05/02 20:37:34 [notice] 26#26: gracefully shutting down
2022/05/02 20:37:34 [notice] 27#27: gracefully shutting down
2022/05/02 20:37:34 [notice] 29#29: gracefully shutting down
2022/05/02 20:37:34 [notice] 22#22: exiting
2022/05/02 20:37:34 [notice] 25#25: exiting
2022/05/02 20:37:34 [notice] 23#23: exiting
2022/05/02 20:37:34 [notice] 24#24: exiting
2022/05/02 20:37:34 [notice] 28#28: exiting
2022/05/02 20:37:34 [notice] 26#26: exiting
2022/05/02 20:37:34 [notice] 27#27: exiting
2022/05/02 20:37:34 [notice] 29#29: exiting
2022/05/02 20:37:34 [notice] 22#22: exit
2022/05/02 20:37:34 [notice] 25#25: exit
2022/05/02 20:37:34 [notice] 23#23: exit
2022/05/02 20:37:34 [notice] 24#24: exit
2022/05/02 20:37:34 [notice] 28#28: exit
2022/05/02 20:37:34 [notice] 26#26: exit
2022/05/02 20:37:34 [notice] 27#27: exit
2022/05/02 20:37:34 [notice] 29#29: exit
2022/05/02 20:37:34 [notice] 1#1: signal 17 (SIGCHLD) received from 22
2022/05/02 20:37:34 [notice] 1#1: worker process 22 exited with code 0
2022/05/02 20:37:34 [notice] 1#1: worker process 28 exited with code 0
2022/05/02 20:37:34 [notice] 1#1: signal 29 (SIGIO) received
2022/05/02 20:37:34 [notice] 1#1: signal 17 (SIGCHLD) received from 28
2022/05/02 20:37:34 [notice] 1#1: signal 17 (SIGCHLD) received from 24
2022/05/02 20:37:34 [notice] 1#1: worker process 23 exited with code 0
2022/05/02 20:37:34 [notice] 1#1: worker process 24 exited with code 0
2022/05/02 20:37:34 [notice] 1#1: signal 29 (SIGIO) received
2022/05/02 20:37:34 [notice] 1#1: signal 17 (SIGCHLD) received from 25
2022/05/02 20:37:34 [notice] 1#1: worker process 25 exited with code 0
2022/05/02 20:37:34 [notice] 1#1: worker process 27 exited with code 0
2022/05/02 20:37:34 [notice] 1#1: signal 29 (SIGIO) received
2022/05/02 20:37:34 [notice] 1#1: signal 17 (SIGCHLD) received from 27
2022/05/02 20:37:34 [notice] 1#1: signal 17 (SIGCHLD) received from 26
2022/05/02 20:37:34 [notice] 1#1: worker process 26 exited with code 0
2022/05/02 20:37:34 [notice] 1#1: signal 29 (SIGIO) received
2022/05/02 20:37:34 [notice] 1#1: signal 17 (SIGCHLD) received from 29
2022/05/02 20:37:34 [notice] 1#1: worker process 29 exited with code 0
2022/05/02 20:37:34 [notice] 1#1: exit
2022/05/02 20:39:17 [notice] 1#1: using the "epoll" event method
2022/05/02 20:39:17 [notice] 1#1: nginx/1.21.5
2022/05/02 20:39:17 [notice] 1#1: built by gcc 10.2.1 20210110 (Debian 10.2.1-6) 
2022/05/02 20:39:17 [notice] 1#1: OS: Linux 5.10.16.3-microsoft-standard-WSL2
2022/05/02 20:39:17 [notice] 1#1: getrlimit(RLIMIT_NOFILE): 1048576:1048576
2022/05/02 20:39:17 [notice] 1#1: start worker processes
2022/05/02 20:39:17 [notice] 1#1: start worker process 23
2022/05/02 20:39:17 [notice] 1#1: start worker process 24
2022/05/02 20:39:17 [notice] 1#1: start worker process 25
2022/05/02 20:39:17 [notice] 1#1: start worker process 26
2022/05/02 20:39:17 [notice] 1#1: start worker process 27
2022/05/02 20:39:17 [notice] 1#1: start worker process 28
2022/05/02 20:39:17 [notice] 1#1: start worker process 29
2022/05/02 20:39:17 [notice] 1#1: start worker process 30
2022/05/02 23:06:52 [notice] 24#24: signal 15 (SIGTERM) received, exiting
2022/05/02 23:06:52 [notice] 24#24: exiting
2022/05/02 23:06:52 [notice] 24#24: exit
2022/05/02 23:06:52 [notice] 27#27: signal 15 (SIGTERM) received, exiting
2022/05/02 23:06:52 [notice] 1#1: signal 15 (SIGTERM) received, exiting
2022/05/02 23:06:52 [notice] 27#27: exiting
2022/05/02 23:06:52 [notice] 25#25: signal 15 (SIGTERM) received, exiting
2022/05/02 23:06:52 [notice] 25#25: exiting
2022/05/02 23:06:52 [notice] 23#23: signal 15 (SIGTERM) received, exiting
2022/05/02 23:06:52 [notice] 23#23: exiting
2022/05/02 23:06:52 [notice] 30#30: signal 15 (SIGTERM) received, exiting
2022/05/02 23:06:52 [notice] 30#30: exiting
2022/05/02 23:06:52 [notice] 29#29: signal 15 (SIGTERM) received, exiting
2022/05/02 23:06:52 [notice] 27#27: exit
2022/05/02 23:06:52 [notice] 29#29: exiting
2022/05/02 23:06:52 [notice] 26#26: signal 15 (SIGTERM) received, exiting
2022/05/02 23:06:52 [notice] 29#29: exit
2022/05/02 23:06:52 [notice] 28#28: signal 15 (SIGTERM) received, exiting
2022/05/02 23:06:52 [notice] 25#25: exit
2022/05/02 23:06:52 [notice] 23#23: exit
2022/05/02 23:06:52 [notice] 30#30: exit
2022/05/02 23:06:52 [notice] 26#26: exiting
2022/05/02 23:06:52 [notice] 1#1: signal 14 (SIGALRM) received
2022/05/02 23:06:52 [notice] 28#28: exiting
2022/05/02 23:06:52 [notice] 26#26: exit
2022/05/02 23:06:52 [notice] 28#28: exit
2022/05/02 23:06:53 [notice] 1#1: signal 17 (SIGCHLD) received from 24
2022/05/02 23:06:53 [notice] 1#1: worker process 24 exited with code 0
2022/05/02 23:06:53 [notice] 1#1: signal 29 (SIGIO) received
2022/05/02 23:06:53 [notice] 1#1: signal 17 (SIGCHLD) received from 26
2022/05/02 23:06:53 [notice] 1#1: worker process 23 exited with code 0
2022/05/02 23:06:53 [notice] 1#1: worker process 26 exited with code 0
2022/05/02 23:06:53 [notice] 1#1: worker process 29 exited with code 0
2022/05/02 23:06:53 [notice] 1#1: worker process 30 exited with code 0
2022/05/02 23:06:53 [notice] 1#1: signal 29 (SIGIO) received
2022/05/02 23:06:53 [notice] 1#1: signal 17 (SIGCHLD) received from 29
2022/05/02 23:06:53 [notice] 1#1: signal 17 (SIGCHLD) received from 28
2022/05/02 23:06:53 [notice] 1#1: worker process 25 exited with code 0
2022/05/02 23:06:53 [notice] 1#1: worker process 27 exited with code 0
2022/05/02 23:06:53 [notice] 1#1: worker process 28 exited with code 0
2022/05/02 23:06:53 [notice] 1#1: exit
2022/05/14 23:05:21 [notice] 1#1: using the "epoll" event method
2022/05/14 23:05:21 [notice] 1#1: nginx/1.21.5
2022/05/14 23:05:21 [notice] 1#1: built by gcc 10.2.1 20210110 (Debian 10.2.1-6) 
2022/05/14 23:05:21 [notice] 1#1: OS: Linux 5.10.16.3-microsoft-standard-WSL2
2022/05/14 23:05:21 [notice] 1#1: getrlimit(RLIMIT_NOFILE): 1048576:1048576
2022/05/14 23:05:21 [notice] 1#1: start worker processes
2022/05/14 23:05:21 [notice] 1#1: start worker process 23
2022/05/14 23:05:21 [notice] 1#1: start worker process 24
2022/05/14 23:05:21 [notice] 1#1: start worker process 25
2022/05/14 23:05:21 [notice] 1#1: start worker process 26
2022/05/14 23:05:21 [notice] 1#1: start worker process 27
2022/05/14 23:05:21 [notice] 1#1: start worker process 28
2022/05/14 23:05:21 [notice] 1#1: start worker process 29
2022/05/14 23:05:21 [notice] 1#1: start worker process 30
2022/10/24 12:13:59 [notice] 1#1: using the "epoll" event method
2022/10/24 12:13:59 [notice] 1#1: nginx/1.21.5
2022/10/24 12:13:59 [notice] 1#1: built by gcc 10.2.1 20210110 (Debian 10.2.1-6) 
2022/10/24 12:13:59 [notice] 1#1: OS: Linux 5.10.16.3-microsoft-standard-WSL2
2022/10/24 12:13:59 [notice] 1#1: getrlimit(RLIMIT_NOFILE): 1048576:1048576
2022/10/24 12:13:59 [notice] 1#1: start worker processes
2022/10/24 12:13:59 [notice] 1#1: start worker process 22
2022/10/24 12:13:59 [notice] 1#1: start worker process 23
2022/10/24 12:13:59 [notice] 1#1: start worker process 24
2022/10/24 12:13:59 [notice] 1#1: start worker process 25
2022/10/24 12:13:59 [notice] 1#1: start worker process 26
2022/10/24 12:13:59 [notice] 1#1: start worker process 27
2022/10/24 12:13:59 [notice] 1#1: start worker process 28
2022/10/24 12:13:59 [notice] 1#1: start worker process 29
2022/10/24 12:16:28 [notice] 1#1: signal 3 (SIGQUIT) received, shutting down
2022/10/24 12:16:28 [notice] 22#22: gracefully shutting down
2022/10/24 12:16:28 [notice] 27#27: gracefully shutting down
2022/10/24 12:16:28 [notice] 23#23: gracefully shutting down
2022/10/24 12:16:28 [notice] 25#25: gracefully shutting down
2022/10/24 12:16:28 [notice] 24#24: gracefully shutting down
2022/10/24 12:16:28 [notice] 26#26: gracefully shutting down
2022/10/24 12:16:28 [notice] 29#29: gracefully shutting down
2022/10/24 12:16:28 [notice] 28#28: gracefully shutting down
2022/10/24 12:16:28 [notice] 22#22: exiting
2022/10/24 12:16:28 [notice] 27#27: exiting
2022/10/24 12:16:28 [notice] 23#23: exiting
2022/10/24 12:16:28 [notice] 25#25: exiting
2022/10/24 12:16:28 [notice] 24#24: exiting
2022/10/24 12:16:28 [notice] 26#26: exiting
2022/10/24 12:16:28 [notice] 29#29: exiting
2022/10/24 12:16:28 [notice] 28#28: exiting
2022/10/24 12:16:28 [notice] 22#22: exit
2022/10/24 12:16:28 [notice] 27#27: exit
2022/10/24 12:16:28 [notice] 23#23: exit
2022/10/24 12:16:28 [notice] 25#25: exit
2022/10/24 12:16:28 [notice] 24#24: exit
2022/10/24 12:16:28 [notice] 26#26: exit
2022/10/24 12:16:28 [notice] 29#29: exit
2022/10/24 12:16:28 [notice] 28#28: exit
2022/10/24 12:16:28 [notice] 1#1: signal 17 (SIGCHLD) received from 25
2022/10/24 12:16:28 [notice] 1#1: worker process 25 exited with code 0
2022/10/24 12:16:28 [notice] 1#1: worker process 27 exited with code 0
2022/10/24 12:16:28 [notice] 1#1: signal 29 (SIGIO) received
2022/10/24 12:16:28 [notice] 1#1: signal 17 (SIGCHLD) received from 28
2022/10/24 12:16:28 [notice] 1#1: worker process 24 exited with code 0
2022/10/24 12:16:28 [notice] 1#1: worker process 28 exited with code 0
2022/10/24 12:16:28 [notice] 1#1: signal 29 (SIGIO) received
2022/10/24 12:16:28 [notice] 1#1: signal 17 (SIGCHLD) received from 26
2022/10/24 12:16:28 [notice] 1#1: worker process 22 exited with code 0
2022/10/24 12:16:28 [notice] 1#1: worker process 23 exited with code 0
2022/10/24 12:16:28 [notice] 1#1: worker process 26 exited with code 0
2022/10/24 12:16:28 [notice] 1#1: worker process 29 exited with code 0
2022/10/24 12:16:28 [notice] 1#1: exit
2022/10/24 12:16:33 [notice] 1#1: using the "epoll" event method
2022/10/24 12:16:33 [notice] 1#1: nginx/1.21.5
2022/10/24 12:16:33 [notice] 1#1: built by gcc 10.2.1 20210110 (Debian 10.2.1-6) 
2022/10/24 12:16:33 [notice] 1#1: OS: Linux 5.10.16.3-microsoft-standard-WSL2
2022/10/24 12:16:33 [notice] 1#1: getrlimit(RLIMIT_NOFILE): 1048576:1048576
2022/10/24 12:16:33 [notice] 1#1: start worker processes
2022/10/24 12:16:33 [notice] 1#1: start worker process 22
2022/10/24 12:16:33 [notice] 1#1: start worker process 23
2022/10/24 12:16:33 [notice] 1#1: start worker process 24
2022/10/24 12:16:33 [notice] 1#1: start worker process 25
2022/10/24 12:16:33 [notice] 1#1: start worker process 26
2022/10/24 12:16:33 [notice] 1#1: start worker process 27
2022/10/24 12:16:33 [notice] 1#1: start worker process 28
2022/10/24 12:16:33 [notice] 1#1: start worker process 29
2022/10/24 12:35:41 [notice] 1#1: signal 3 (SIGQUIT) received, shutting down
2022/10/24 12:35:41 [notice] 22#22: gracefully shutting down
2022/10/24 12:35:41 [notice] 23#23: gracefully shutting down
2022/10/24 12:35:41 [notice] 24#24: gracefully shutting down
2022/10/24 12:35:41 [notice] 25#25: gracefully shutting down
2022/10/24 12:35:41 [notice] 26#26: gracefully shutting down
2022/10/24 12:35:41 [notice] 28#28: gracefully shutting down
2022/10/24 12:35:41 [notice] 29#29: gracefully shutting down
2022/10/24 12:35:41 [notice] 27#27: gracefully shutting down
2022/10/24 12:35:41 [notice] 22#22: exiting
2022/10/24 12:35:41 [notice] 23#23: exiting
2022/10/24 12:35:41 [notice] 24#24: exiting
2022/10/24 12:35:41 [notice] 25#25: exiting
2022/10/24 12:35:41 [notice] 26#26: exiting
2022/10/24 12:35:41 [notice] 28#28: exiting
2022/10/24 12:35:41 [notice] 29#29: exiting
2022/10/24 12:35:41 [notice] 27#27: exiting
2022/10/24 12:35:41 [notice] 22#22: exit
2022/10/24 12:35:41 [notice] 23#23: exit
2022/10/24 12:35:41 [notice] 24#24: exit
2022/10/24 12:35:41 [notice] 25#25: exit
2022/10/24 12:35:41 [notice] 26#26: exit
2022/10/24 12:35:41 [notice] 28#28: exit
2022/10/24 12:35:41 [notice] 29#29: exit
2022/10/24 12:35:41 [notice] 27#27: exit
2022/10/24 12:35:41 [notice] 1#1: signal 17 (SIGCHLD) received from 24
2022/10/24 12:35:41 [notice] 1#1: worker process 24 exited with code 0
2022/10/24 12:35:41 [notice] 1#1: signal 29 (SIGIO) received
2022/10/24 12:35:41 [notice] 1#1: signal 17 (SIGCHLD) received from 25
2022/10/24 12:35:41 [notice] 1#1: worker process 25 exited with code 0
2022/10/24 12:35:41 [notice] 1#1: signal 29 (SIGIO) received
2022/10/24 12:35:41 [notice] 1#1: signal 17 (SIGCHLD) received from 28
2022/10/24 12:35:41 [notice] 1#1: worker process 22 exited with code 0
2022/10/24 12:35:41 [notice] 1#1: worker process 28 exited with code 0
2022/10/24 12:35:41 [notice] 1#1: worker process 29 exited with code 0
2022/10/24 12:35:41 [notice] 1#1: signal 29 (SIGIO) received
2022/10/24 12:35:41 [notice] 1#1: signal 17 (SIGCHLD) received from 22
2022/10/24 12:35:41 [notice] 1#1: signal 17 (SIGCHLD) received from 26
2022/10/24 12:35:41 [notice] 1#1: worker process 26 exited with code 0
2022/10/24 12:35:41 [notice] 1#1: signal 29 (SIGIO) received
2022/10/24 12:35:41 [notice] 1#1: signal 17 (SIGCHLD) received from 27
2022/10/24 12:35:41 [notice] 1#1: worker process 23 exited with code 0
2022/10/24 12:35:41 [notice] 1#1: worker process 27 exited with code 0
2022/10/24 12:35:41 [notice] 1#1: exit
2022/10/24 12:35:52 [notice] 1#1: using the "epoll" event method
2022/10/24 12:35:52 [notice] 1#1: nginx/1.21.5
2022/10/24 12:35:52 [notice] 1#1: built by gcc 10.2.1 20210110 (Debian 10.2.1-6) 
2022/10/24 12:35:52 [notice] 1#1: OS: Linux 5.10.16.3-microsoft-standard-WSL2
2022/10/24 12:35:52 [notice] 1#1: getrlimit(RLIMIT_NOFILE): 1048576:1048576
2022/10/24 12:35:52 [notice] 1#1: start worker processes
2022/10/24 12:35:52 [notice] 1#1: start worker process 22
2022/10/24 12:35:52 [notice] 1#1: start worker process 23
2022/10/24 12:35:52 [notice] 1#1: start worker process 24
2022/10/24 12:35:52 [notice] 1#1: start worker process 25
2022/10/24 12:35:52 [notice] 1#1: start worker process 26
2022/10/24 12:35:52 [notice] 1#1: start worker process 27
2022/10/24 12:35:52 [notice] 1#1: start worker process 28
2022/10/24 12:35:52 [notice] 1#1: start worker process 29
